<?xml version="1.0" encoding="UTF-8"?>
<coverage generated="1676834397905" clover="3.2.0">
  <project timestamp="1676834397905" name="All files">
    <metrics statements="59" coveredstatements="57" conditionals="24" coveredconditionals="19" methods="11" coveredmethods="9" elements="94" coveredelements="85" complexity="0" loc="59" ncloc="59" packages="1" files="2" classes="2"/>
    <file name="Login_Page.vue" path="C:\Users\Arda ALKAN\event-app-with-vue\src\views\Login_Page.vue">
      <metrics statements="27" coveredstatements="25" conditionals="10" coveredconditionals="8" methods="5" coveredmethods="3"/>
      <line num="4" count="1" type="stmt"/>
      <line num="5" count="1" type="stmt"/>
      <line num="8" count="1" type="stmt"/>
      <line num="9" count="1" type="stmt"/>
      <line num="106" count="1" type="stmt"/>
      <line num="108" count="1" type="stmt"/>
      <line num="111" count="1" type="stmt"/>
      <line num="112" count="1" type="stmt"/>
      <line num="113" count="1" type="stmt"/>
      <line num="116" count="1" type="stmt"/>
      <line num="119" count="1" type="stmt"/>
      <line num="120" count="1" type="stmt"/>
      <line num="121" count="1" type="stmt"/>
      <line num="124" count="1" type="stmt"/>
      <line num="125" count="1" type="stmt"/>
      <line num="128" count="1" type="stmt"/>
      <line num="129" count="1" type="stmt"/>
      <line num="132" count="1" type="stmt"/>
      <line num="135" count="1" type="stmt"/>
      <line num="136" count="1" type="stmt"/>
      <line num="139" count="1" type="stmt"/>
      <line num="140" count="1" type="cond" truecount="1" falsecount="1"/>
      <line num="141" count="0" type="cond" truecount="2" falsecount="0"/>
      <line num="148" count="0" type="cond" truecount="2" falsecount="0"/>
      <line num="159" count="1" type="stmt"/>
      <line num="163" count="1" type="cond" truecount="2" falsecount="0"/>
      <line num="165" count="1" type="stmt"/>
    </file>
    <file name="Register_Page.vue" path="C:\Users\Arda ALKAN\event-app-with-vue\src\views\Register_Page.vue">
      <metrics statements="32" coveredstatements="32" conditionals="14" coveredconditionals="11" methods="6" coveredmethods="6"/>
      <line num="4" count="1" type="stmt"/>
      <line num="5" count="1" type="stmt"/>
      <line num="8" count="1" type="stmt"/>
      <line num="9" count="1" type="stmt"/>
      <line num="107" count="1" type="stmt"/>
      <line num="109" count="1" type="stmt"/>
      <line num="112" count="1" type="stmt"/>
      <line num="113" count="1" type="stmt"/>
      <line num="114" count="1" type="stmt"/>
      <line num="117" count="1" type="stmt"/>
      <line num="118" count="1" type="stmt"/>
      <line num="119" count="1" type="stmt"/>
      <line num="120" count="1" type="stmt"/>
      <line num="123" count="1" type="stmt"/>
      <line num="124" count="1" type="stmt"/>
      <line num="127" count="1" type="stmt"/>
      <line num="130" count="1" type="stmt"/>
      <line num="131" count="1" type="stmt"/>
      <line num="134" count="1" type="stmt"/>
      <line num="137" count="1" type="stmt"/>
      <line num="138" count="1" type="stmt"/>
      <line num="141" count="1" type="stmt"/>
      <line num="142" count="1" type="stmt"/>
      <line num="145" count="1" type="stmt"/>
      <line num="149" count="4" type="stmt"/>
      <line num="150" count="4" type="cond" truecount="1" falsecount="1"/>
      <line num="151" count="1" type="cond" truecount="2" falsecount="0"/>
      <line num="158" count="1" type="cond" truecount="2" falsecount="0"/>
      <line num="164" count="1" type="cond" truecount="2" falsecount="0"/>
      <line num="171" count="1" type="cond" truecount="2" falsecount="0"/>
      <line num="177" count="4" type="stmt"/>
      <line num="180" count="1" type="stmt"/>
    </file>
  </project>
</coverage>
