{"C:\\Users\\Arda ALKAN\\event-app-with-vue\\src\\views\\Login_Page.vue": {"path":"C:\\Users\\Arda ALKAN\\event-app-with-vue\\src\\views\\Login_Page.vue","statementMap":{"0":{"start":{"line":4,"column":29},"end":{"line":4,"column":147}},"1":{"start":{"line":5,"column":0},"end":{"line":7,"column":3}},"2":{"start":{"line":8,"column":0},"end":{"line":8,"column":25}},"3":{"start":{"line":9,"column":0},"end":{"line":9,"column":44}},"4":{"start":{"line":106,"column":0},"end":{"line":106,"column":13}},"5":{"start":{"line":108,"column":0},"end":{"line":110,"column":3}},"6":{"start":{"line":111,"column":0},"end":{"line":111,"column":24}},"7":{"start":{"line":112,"column":11},"end":{"line":112,"column":25}},"8":{"start":{"line":113,"column":19},"end":{"line":115,"column":1}},"9":{"start":{"line":116,"column":19},"end":{"line":118,"column":1}},"10":{"start":{"line":119,"column":32},"end":{"line":119,"column":99}},"11":{"start":{"line":120,"column":32},"end":{"line":120,"column":96}},"12":{"start":{"line":121,"column":32},"end":{"line":123,"column":88}},"13":{"start":{"line":124,"column":32},"end":{"line":124,"column":96}},"14":{"start":{"line":125,"column":19},"end":{"line":127,"column":1}},"15":{"start":{"line":128,"column":32},"end":{"line":128,"column":96}},"16":{"start":{"line":129,"column":19},"end":{"line":131,"column":1}},"17":{"start":{"line":132,"column":33},"end":{"line":134,"column":88}},"18":{"start":{"line":135,"column":33},"end":{"line":135,"column":97}},"19":{"start":{"line":136,"column":33},"end":{"line":136,"column":97}},"20":{"start":{"line":139,"column":33},"end":{"line":139,"column":74}},"21":{"start":{"line":140,"column":2},"end":{"line":164,"column":168}},"22":{"start":{"line":141,"column":63},"end":{"line":141,"column":100}},"23":{"start":{"line":148,"column":63},"end":{"line":148,"column":100}},"24":{"start":{"line":159,"column":37},"end":{"line":159,"column":76}},"25":{"start":{"line":163,"column":49},"end":{"line":163,"column":64}},"26":{"start":{"line":165,"column":2},"end":{"line":165,"column":49}}},"fnMap":{"0":{"name":"render","decl":{"start":{"line":138,"column":9},"end":{"line":138,"column":15}},"loc":{"start":{"line":138,"column":30},"end":{"line":165,"column":1}},"line":138},"1":{"name":"(anonymous_1)","decl":{"start":{"line":141,"column":53},"end":{"line":141,"column":54}},"loc":{"start":{"line":141,"column":63},"end":{"line":141,"column":100}},"line":141},"2":{"name":"(anonymous_2)","decl":{"start":{"line":148,"column":53},"end":{"line":148,"column":54}},"loc":{"start":{"line":148,"column":63},"end":{"line":148,"column":100}},"line":148},"3":{"name":"(anonymous_3)","decl":{"start":{"line":159,"column":31},"end":{"line":159,"column":32}},"loc":{"start":{"line":159,"column":37},"end":{"line":159,"column":76}},"line":159},"4":{"name":"(anonymous_4)","decl":{"start":{"line":163,"column":39},"end":{"line":163,"column":40}},"loc":{"start":{"line":163,"column":49},"end":{"line":163,"column":64}},"line":163}},"branchMap":{"0":{"loc":{"start":{"line":140,"column":248},"end":{"line":140,"column":426}},"type":"cond-expr","locations":[{"start":{"line":140,"column":280},"end":{"line":140,"column":380}},{"start":{"line":140,"column":384},"end":{"line":140,"column":426}}],"line":140},"1":{"loc":{"start":{"line":141,"column":27},"end":{"line":141,"column":101}},"type":"binary-expr","locations":[{"start":{"line":141,"column":27},"end":{"line":141,"column":36}},{"start":{"line":141,"column":41},"end":{"line":141,"column":100}}],"line":141},"2":{"loc":{"start":{"line":147,"column":98},"end":{"line":147,"column":374}},"type":"cond-expr","locations":[{"start":{"line":147,"column":130},"end":{"line":147,"column":328}},{"start":{"line":147,"column":332},"end":{"line":147,"column":374}}],"line":147},"3":{"loc":{"start":{"line":148,"column":27},"end":{"line":148,"column":101}},"type":"binary-expr","locations":[{"start":{"line":148,"column":27},"end":{"line":148,"column":36}},{"start":{"line":148,"column":41},"end":{"line":148,"column":100}}],"line":148},"4":{"loc":{"start":{"line":163,"column":13},"end":{"line":163,"column":65}},"type":"binary-expr","locations":[{"start":{"line":163,"column":13},"end":{"line":163,"column":22}},{"start":{"line":163,"column":27},"end":{"line":163,"column":64}}],"line":163}},"s":{"0":1,"1":1,"2":1,"3":1,"4":1,"5":1,"6":1,"7":1,"8":1,"9":1,"10":1,"11":1,"12":1,"13":1,"14":1,"15":1,"16":1,"17":1,"18":1,"19":1,"20":1,"21":1,"22":0,"23":0,"24":1,"25":1,"26":1},"f":{"0":1,"1":0,"2":0,"3":1,"4":1},"b":{"0":[0,1],"1":[1,1],"2":[0,1],"3":[1,1],"4":[1,1]},"inputSourceMap":{"0":"{","1":"\"","2":"v","3":"e","4":"r","5":"s","6":"i","7":"o","8":"n","9":"\"","10":":","11":"3","12":",","13":"\"","14":"s","15":"o","16":"u","17":"r","18":"c","19":"e","20":"s","21":"\"","22":":","23":"[","24":"\"","25":"C","26":":","27":"\\","28":"\\","29":"U","30":"s","31":"e","32":"r","33":"s","34":"\\","35":"\\","36":"A","37":"r","38":"d","39":"a","40":" ","41":"A","42":"L","43":"K","44":"A","45":"N","46":"\\","47":"\\","48":"e","49":"v","50":"e","51":"n","52":"t","53":"-","54":"a","55":"p","56":"p","57":"-","58":"w","59":"i","60":"t","61":"h","62":"-","63":"v","64":"u","65":"e","66":"\\","67":"\\","68":"s","69":"r","70":"c","71":"\\","72":"\\","73":"v","74":"i","75":"e","76":"w","77":"s","78":"\\","79":"\\","80":"L","81":"o","82":"g","83":"i","84":"n","85":"_","86":"P","87":"a","88":"g","89":"e","90":".","91":"v","92":"u","93":"e","94":"\"","95":"]","96":",","97":"\"","98":"n","99":"a","100":"m","101":"e","102":"s","103":"\"","104":":","105":"[","106":"]","107":",","108":"\"","109":"m","110":"a","111":"p","112":"p","113":"i","114":"n","115":"g","116":"s","117":"\"","118":":","119":"\"","120":";","121":";","122":";","123":";","124":";","125":";","126":";","127":";","128":";","129":"A","130":"A","131":"2","132":"B","133":"A","134":";","135":"A","136":"A","137":"A","138":"A","139":";","140":"A","141":"A","142":"A","143":"A","144":";","145":"A","146":"A","147":"C","148":"A","149":";","150":"A","151":"A","152":"A","153":"A","154":";","155":"A","156":"A","157":"A","158":"A","159":";","160":"A","161":"A","162":"C","163":"A","164":";","165":"A","166":"A","167":"A","168":"A","169":";","170":"A","171":"A","172":"A","173":"A","174":";","175":"A","176":"A","177":"A","178":"4","179":"D","180":";","181":"A","182":"A","183":"A","184":"A","185":",","186":"e","187":"A","188":"C","189":"7","190":"C","191":";","192":"E","193":"A","194":"C","195":"b","196":",","197":"K","198":"A","199":"A","200":"K","201":",","202":"G","203":"A","204":"A","205":"G","206":";","207":"I","208":"A","209":"C","210":"N","211":",","212":"O","213":"A","214":"A","215":"O","216":";","217":"M","218":"A","219":"C","220":"L","221":",","222":"E","223":"A","224":"A","225":"E","226":";","227":"M","228":"A","229":"A","230":"E","231":";","232":"M","233":"A","234":"A","235":"A","236":";","237":"M","238":"A","239":"A","240":"A","241":";","242":"M","243":"A","244":"A","245":"A","246":";","247":"M","248":"A","249":"A","250":"A","251":";","252":"M","253":"A","254":"A","255":"A","256":",","257":"O","258":"A","259":"A","260":"W","261":";","262":"I","263":"A","264":"C","265":"j","266":"B","267":",","268":"C","269":"A","270":"A","271":"C","272":";","273":"E","274":"A","275":"C","276":"H","277":",","278":"C","279":"A","280":"A","281":"C","282":";","283":"E","284":"A","285":"C","286":"D","287":",","288":"W","289":"A","290":"A","291":"W","292":",","293":"G","294":"A","295":"A","296":"G","297":";","298":"I","299":"A","300":"C","301":"Z","302":",","303":"O","304":"A","305":"A","306":"O","307":";","308":"M","309":"A","310":"C","311":"L","312":",","313":"I","314":"A","315":"A","316":"I","317":",","318":"E","319":"A","320":"A","321":"E","322":";","323":"Q","324":"A","325":"C","326":"J","327":",","328":"Q","329":"A","330":"A","331":"Q","332":",","333":"E","334":"A","335":"A","336":"E","337":";","338":"U","339":"A","340":"A","341":"E","342":",","343":"Q","344":"A","345":"A","346":"Q","347":";","348":"U","349":"A","350":"A","351":"R","352":";","353":"U","354":"A","355":"A","356":"A","357":";","358":"U","359":"A","360":"A","361":"A","362":";","363":"U","364":"A","365":"A","366":"A","367":";","368":"Q","369":"A","370":"A","371":"S","372":",","373":"C","374":"A","375":"A","376":"C","377":";","378":"Q","379":"A","380":"C","381":"t","382":"B","383":",","384":"Q","385":"A","386":"A","387":"Q","388":",","389":"E","390":"A","391":"A","392":"E","393":";","394":"U","395":"A","396":"A","397":"E","398":",","399":"Q","400":"A","401":"A","402":"Q","403":";","404":"U","405":"A","406":"A","407":"R","408":";","409":"U","410":"A","411":"A","412":"A","413":";","414":"U","415":"A","416":"A","417":"A","418":";","419":"U","420":"A","421":"A","422":"A","423":";","424":"Q","425":"A","426":"A","427":"S","428":",","429":"C","430":"A","431":"A","432":"C","433":";","434":"Q","435":"A","436":"C","437":"t","438":"B","439":",","440":"Q","441":"A","442":"A","443":"Q","444":",","445":"E","446":"A","447":"A","448":"E","449":";","450":"U","451":"A","452":"C","453":"R","454":",","455":"S","456":"A","457":"A","458":"S","459":";","460":"U","461":"A","462":"A","463":"E","464":";","465":"U","466":"A","467":"A","468":"A","469":";","470":"U","471":"A","472":"A","473":"A","474":";","475":"U","476":"A","477":"A","478":"A","479":";","480":"U","481":"A","482":"A","483":"A","484":";","485":"U","486":"A","487":"A","488":"A","489":",","490":"S","491":"A","492":"A","493":"S","494":",","495":"E","496":"A","497":"A","498":"C","499":",","500":"C","501":"A","502":"A","503":"C","504":",","505":"C","506":"A","507":"A","508":"C","509":";","510":"U","511":"A","512":"C","513":"v","514":"B","515":",","516":"Q","517":"A","518":"A","519":"Q","520":";","521":"U","522":"A","523":"A","524":"R","525":";","526":"U","527":"A","528":"A","529":"A","530":";","531":"U","532":"A","533":"A","534":"A","535":";","536":"U","537":"A","538":"A","539":"A","540":",","541":"Q","542":"A","543":"A","544":"Q","545":";","546":"U","547":"A","548":"C","549":"R","550":",","551":"K","552":"A","553":"A","554":"K","555":",","556":"E","557":"A","558":"A","559":"E","560":",","561":"U","562":"A","563":"A","564":"U","565":",","566":"K","567":"A","568":"A","569":"K","570":",","571":"E","572":"A","573":"A","574":"E","575":";","576":"Y","577":"A","578":"C","579":"t","580":"B","581":",","582":"M","583":"A","584":"A","585":"M","586":",","587":"m","588":"B","589":"A","590":"A","591":"m","592":"B","593":",","594":"G","595":"A","596":"A","597":"G","598":",","599":"O","600":"A","601":"A","602":"O","603":",","604":"C","605":"A","606":"A","607":"C","608":",","609":"I","610":"A","611":"A","612":"I","613":",","614":"C","615":"A","616":"A","617":"C","618":",","619":"K","620":"A","621":"A","622":"K","623":",","624":"C","625":"A","626":"A","627":"C","628":";","629":"Y","630":"A","631":"C","632":"/","633":"C","634":",","635":"M","636":"A","637":"A","638":"M","639":",","640":"m","641":"B","642":"A","643":"A","644":"m","645":"B","646":",","647":"G","648":"A","649":"A","650":"G","651":",","652":"O","653":"A","654":"A","655":"O","656":",","657":"C","658":"A","659":"A","660":"C","661":",","662":"I","663":"A","664":"A","665":"I","666":",","667":"C","668":"A","669":"A","670":"C","671":",","672":"K","673":"A","674":"A","675":"K","676":",","677":"C","678":"A","679":"A","680":"C","681":";","682":"Y","683":"A","684":"C","685":"/","686":"C","687":",","688":"M","689":"A","690":"A","691":"M","692":",","693":"g","694":"B","695":"A","696":"A","697":"g","698":"B","699":",","700":"G","701":"A","702":"A","703":"G","704":",","705":"O","706":"A","707":"A","708":"O","709":",","710":"C","711":"A","712":"A","713":"C","714":",","715":"I","716":"A","717":"A","718":"I","719":",","720":"C","721":"A","722":"A","723":"C","724":",","725":"K","726":"A","727":"A","728":"K","729":",","730":"C","731":"A","732":"A","733":"C","734":";","735":"Y","736":"A","737":"C","738":"5","739":"C","740":",","741":"O","742":"A","743":"A","744":"O","745":",","746":"m","747":"B","748":"A","749":"A","750":"m","751":"B","752":",","753":"I","754":"A","755":"A","756":"I","757":",","758":"m","759":"B","760":"A","761":"A","762":"m","763":"B","764":",","765":"I","766":"A","767":"A","768":"I","769":",","770":"g","771":"B","772":"A","773":"A","774":"g","775":"B","776":";","777":"U","778":"A","779":"C","780":"v","781":"E","782":";","783":"Q","784":"A","785":"C","786":"F","787":";","788":"M","789":"A","790":"C","791":"F","792":";","793":"I","794":"A","795":"C","796":"F","797":",","798":"C","799":"A","800":"A","801":"C","802":";","803":"E","804":"A","805":"C","806":"H","807":",","808":"C","809":"A","810":"A","811":"C","812":";","813":"E","814":"A","815":"E","816":"D","817":",","818":"I","819":"A","820":"A","821":"I","822":",","823":"G","824":"A","825":"A","826":"G","827":";","828":"I","829":"A","830":"C","831":"L","832":",","833":"O","834":"A","835":"A","836":"O","837":";","838":"M","839":"A","840":"C","841":"L","842":",","843":"I","844":"A","845":"A","846":"I","847":",","848":"E","849":"A","850":"A","851":"E","852":";","853":"Q","854":"A","855":"C","856":"J","857":",","858":"Q","859":"A","860":"A","861":"Q","862":",","863":"E","864":"A","865":"A","866":"E","867":",","868":"I","869":"A","870":"A","871":"I","872":";","873":"Q","874":"A","875":"C","876":"d","877":",","878":"Q","879":"A","880":"A","881":"Q","882":",","883":"E","884":"A","885":"A","886":"E","887":";","888":"M","889":"A","890":"C","891":"Z","892":";","893":"I","894":"A","895":"C","896":"F","897":",","898":"C","899":"A","900":"A","901":"C","902":";","903":"E","904":"A","905":"C","906":"H","907":",","908":"C","909":"A","910":"A","911":"C","912":";","913":"E","914":"A","915":"E","916":"D","917":",","918":"O","919":"A","920":"A","921":"O","922":",","923":"E","924":"A","925":"A","926":"E","927":";","928":"I","929":"A","930":"C","931":"P","932":",","933":"Q","934":"A","935":"A","936":"Q","937":",","938":"G","939":"A","940":"A","941":"G","942":";","943":"M","944":"A","945":"C","946":"T","947":",","948":"M","949":"A","950":"A","951":"M","952":",","953":"Q","954":"A","955":"A","956":"Q","957":";","958":"M","959":"A","960":"A","961":"G","962":";","963":"M","964":"A","965":"A","966":"A","967":";","968":"M","969":"A","970":"A","971":"A","972":";","973":"M","974":"A","975":"A","976":"A","977":",","978":"O","979":"A","980":"A","981":"Q","982":",","983":"C","984":"A","985":"A","986":"C","987":",","988":"Q","989":"A","990":"A","991":"Q","992":",","993":"C","994":"A","995":"A","996":"C","997":",","998":"I","999":"A","1000":"A","1001":"I","1002":",","1003":"C","1004":"A","1005":"A","1006":"C","1007":",","1008":"I","1009":"A","1010":"A","1011":"I","1012":",","1013":"C","1014":"A","1015":"A","1016":"C","1017":",","1018":"Q","1019":"A","1020":"A","1021":"Q","1022":",","1023":"E","1024":"A","1025":"A","1026":"E","1027":",","1028":"I","1029":"A","1030":"A","1031":"I","1032":",","1033":"C","1034":"A","1035":"A","1036":"C","1037":",","1038":"M","1039":"A","1040":"A","1041":"M","1042":",","1043":"C","1044":"A","1045":"A","1046":"C","1047":",","1048":"O","1049":"A","1050":"A","1051":"O","1052":",","1053":"C","1054":"A","1055":"A","1056":"C","1057":",","1058":"Q","1059":"A","1060":"A","1061":"Q","1062":",","1063":"C","1064":"A","1065":"A","1066":"C","1067":",","1068":"C","1069":"A","1070":"A","1071":"C","1072":",","1073":"Q","1074":"A","1075":"A","1076":"Q","1077":",","1078":"E","1079":"A","1080":"A","1081":"E","1082":";","1083":"M","1084":"A","1085":"C","1086":"/","1087":"F","1088":",","1089":"I","1090":"A","1091":"A","1092":"I","1093":",","1094":"C","1095":"A","1096":"A","1097":"C","1098":",","1099":"S","1100":"A","1101":"A","1102":"S","1103":",","1104":"C","1105":"A","1106":"C","1107":"X","1108":",","1109":"G","1110":"A","1111":"A","1112":"G","1113":",","1114":"C","1115":"A","1116":"A","1117":"E","1118":",","1119":"m","1120":"B","1121":"A","1122":"A","1123":"k","1124":"B","1125":",","1126":"I","1127":"A","1128":"A","1129":"I","1130":",","1131":"C","1132":"A","1133":"A","1134":"C","1135":",","1136":"I","1137":"A","1138":"A","1139":"I","1140":",","1141":"C","1142":"A","1143":"A","1144":"C","1145":",","1146":"Q","1147":"A","1148":"A","1149":"S","1150":",","1151":"a","1152":"A","1153":"A","1154":"Y","1155":",","1156":"Q","1157":"A","1158":"A","1159":"S","1160":",","1161":"E","1162":"A","1163":"A","1164":"C","1165":",","1166":"C","1167":"A","1168":"A","1169":"C","1170":",","1171":"C","1172":"A","1173":"C","1174":"j","1175":"E","1176":",","1177":"I","1178":"A","1179":"A","1180":"I","1181":",","1182":"C","1183":"A","1184":"A","1185":"E","1186":",","1187":"c","1188":"A","1189":"A","1190":"c","1191":",","1192":"I","1193":"A","1194":"A","1195":"K","1196":";","1197":"Q","1198":"A","1199":"C","1200":"x","1201":"B","1202":",","1203":"I","1204":"A","1205":"A","1206":"I","1207":",","1208":"c","1209":"A","1210":"A","1211":"c","1212":",","1213":"E","1214":"A","1215":"A","1216":"E","1217":",","1218":"I","1219":"A","1220":"A","1221":"I","1222":",","1223":"E","1224":"A","1225":"A","1226":"E","1227":",","1228":"M","1229":"A","1230":"A","1231":"M","1232":",","1233":"G","1234":"A","1235":"A","1236":"G","1237":",","1238":"C","1239":"A","1240":"A","1241":"C","1242":",","1243":"E","1244":"A","1245":"A","1246":"E","1247":";","1248":"U","1249":"A","1250":"C","1251":"p","1252":"C","1253":",","1254":"I","1255":"A","1256":"A","1257":"I","1258":",","1259":"C","1260":"A","1261":"A","1262":"C","1263":",","1264":"M","1265":"A","1266":"A","1267":"M","1268":",","1269":"C","1270":"A","1271":"A","1272":"C","1273":",","1274":"M","1275":"A","1276":"A","1277":"M","1278":",","1279":"C","1280":"A","1281":"A","1282":"C","1283":",","1284":"S","1285":"A","1286":"A","1287":"S","1288":",","1289":"E","1290":"A","1291":"A","1292":"E","1293":",","1294":"c","1295":"A","1296":"A","1297":"c","1298":",","1299":"E","1300":"A","1301":"A","1302":"E","1303":",","1304":"I","1305":"A","1306":"A","1307":"I","1308":",","1309":"C","1310":"A","1311":"A","1312":"C","1313":",","1314":"C","1315":"A","1316":"A","1317":"C","1318":",","1319":"C","1320":"A","1321":"A","1322":"C","1323":",","1324":"C","1325":"A","1326":"A","1327":"C","1328":";","1329":"U","1330":"A","1331":"C","1332":"t","1333":"D","1334":",","1335":"I","1336":"A","1337":"A","1338":"I","1339":",","1340":"C","1341":"A","1342":"A","1343":"C","1344":",","1345":"O","1346":"A","1347":"A","1348":"O","1349":",","1350":"C","1351":"A","1352":"A","1353":"C","1354":",","1355":"I","1356":"A","1357":"A","1358":"I","1359":",","1360":"C","1361":"A","1362":"A","1363":"C","1364":";","1365":"Y","1366":"A","1367":"A","1368":"E","1369":",","1370":"I","1371":"A","1372":"A","1373":"I","1374":",","1375":"E","1376":"A","1377":"A","1378":"E","1379":";","1380":"U","1381":"A","1382":"A","1383":"O","1384":",","1385":"C","1386":"A","1387":"A","1388":"C","1389":",","1390":"C","1391":"A","1392":"A","1393":"C","1394":";","1395":"U","1396":"A","1397":"C","1398":"n","1399":"C","1400":",","1401":"O","1402":"A","1403":"A","1404":"O","1405":",","1406":"C","1407":"A","1408":"A","1409":"C","1410":",","1411":"G","1412":"A","1413":"A","1414":"G","1415":",","1416":"C","1417":"A","1418":"A","1419":"C","1420":",","1421":"I","1422":"A","1423":"A","1424":"I","1425":",","1426":"C","1427":"A","1428":"A","1429":"C","1430":",","1431":"O","1432":"A","1433":"A","1434":"O","1435":",","1436":"C","1437":"A","1438":"A","1439":"C","1440":",","1441":"I","1442":"A","1443":"A","1444":"I","1445":",","1446":"C","1447":"A","1448":"A","1449":"C","1450":";","1451":"Y","1452":"A","1453":"A","1454":"E","1455":",","1456":"I","1457":"A","1458":"A","1459":"I","1460":",","1461":"E","1462":"A","1463":"A","1464":"E","1465":";","1466":"U","1467":"A","1468":"A","1469":"Y","1470":",","1471":"C","1472":"A","1473":"A","1474":"C","1475":",","1476":"C","1477":"A","1478":"A","1479":"C","1480":",","1481":"C","1482":"A","1483":"A","1484":"C","1485":";","1486":"Q","1487":"A","1488":"C","1489":"v","1490":"D","1491":",","1492":"C","1493":"A","1494":"A","1495":"C","1496":",","1497":"M","1498":"A","1499":"A","1500":"M","1501":";","1502":"U","1503":"A","1504":"C","1505":"L","1506":",","1507":"K","1508":"A","1509":"A","1510":"K","1511":",","1512":"C","1513":"A","1514":"A","1515":"C","1516":",","1517":"s","1518":"B","1519":"A","1520":"A","1521":"s","1522":"B","1523":",","1524":"C","1525":"A","1526":"A","1527":"C","1528":";","1529":"Q","1530":"A","1531":"C","1532":"/","1533":"B","1534":";","1535":"Q","1536":"A","1537":"C","1538":"A","1539":",","1540":"O","1541":"A","1542":"A","1543":"O","1544":",","1545":"C","1546":"A","1547":"A","1548":"C","1549":",","1550":"G","1551":"A","1552":"A","1553":"G","1554":",","1555":"C","1556":"A","1557":"A","1558":"C","1559":",","1560":"c","1561":"A","1562":"A","1563":"c","1564":",","1565":"C","1566":"A","1567":"A","1568":"C","1569":";","1570":"M","1571":"A","1572":"C","1573":"7","1574":"B","1575":",","1576":"C","1577":"A","1578":"A","1579":"C","1580":",","1581":"C","1582":"A","1583":"A","1584":"C","1585":",","1586":"C","1587":"A","1588":"C","1589":"D","1590":",","1591":"K","1592":"A","1593":"A","1594":"K","1595":",","1596":"C","1597":"A","1598":"A","1599":"E","1600":",","1601":"C","1602":"A","1603":"A","1604":"C","1605":",","1606":"I","1607":"A","1608":"A","1609":"K","1610":",","1611":"O","1612":"A","1613":"A","1614":"O","1615":",","1616":"C","1617":"A","1618":"A","1619":"C","1620":",","1621":"G","1622":"A","1623":"A","1624":"G","1625":",","1626":"C","1627":"A","1628":"A","1629":"C","1630":",","1631":"C","1632":"A","1633":"A","1634":"C","1635":",","1636":"C","1637":"A","1638":"A","1639":"C","1640":",","1641":"C","1642":"A","1643":"A","1644":"C","1645":";","1646":"I","1647":"A","1648":"C","1649":"j","1650":"C","1651":";","1652":"E","1653":"A","1654":"C","1655":"F","1656":";","1657":"A","1658":"A","1659":"C","1660":"F","1661":",","1662":"C","1663":"A","1664":"A","1665":"C","1666":";","1667":"A","1668":"A","1669":"A","1670":"A","1671":";","1672":"A","1673":"A","1674":"A","1675":"A","1676":"\"","1677":",","1678":"\"","1679":"f","1680":"i","1681":"l","1682":"e","1683":"\"","1684":":","1685":"\"","1686":"C","1687":":","1688":"\\","1689":"\\","1690":"U","1691":"s","1692":"e","1693":"r","1694":"s","1695":"\\","1696":"\\","1697":"A","1698":"r","1699":"d","1700":"a","1701":" ","1702":"A","1703":"L","1704":"K","1705":"A","1706":"N","1707":"\\","1708":"\\","1709":"e","1710":"v","1711":"e","1712":"n","1713":"t","1714":"-","1715":"a","1716":"p","1717":"p","1718":"-","1719":"w","1720":"i","1721":"t","1722":"h","1723":"-","1724":"v","1725":"u","1726":"e","1727":"\\","1728":"\\","1729":"s","1730":"r","1731":"c","1732":"\\","1733":"\\","1734":"v","1735":"i","1736":"e","1737":"w","1738":"s","1739":"\\","1740":"\\","1741":"L","1742":"o","1743":"g","1744":"i","1745":"n","1746":"_","1747":"P","1748":"a","1749":"g","1750":"e","1751":".","1752":"v","1753":"u","1754":"e","1755":"\"","1756":",","1757":"\"","1758":"s","1759":"o","1760":"u","1761":"r","1762":"c","1763":"e","1764":"s","1765":"C","1766":"o","1767":"n","1768":"t","1769":"e","1770":"n","1771":"t","1772":"\"","1773":":","1774":"[","1775":"\"","1776":"<","1777":"t","1778":"e","1779":"m","1780":"p","1781":"l","1782":"a","1783":"t","1784":"e","1785":">","1786":"\\","1787":"r","1788":"\\","1789":"n","1790":" ","1791":" ","1792":"<","1793":"d","1794":"i","1795":"v","1796":" ","1797":"a","1798":"c","1799":"t","1800":"i","1801":"o","1802":"n","1803":"=","1804":"\\","1805":"\"","1806":"a","1807":"c","1808":"t","1809":"i","1810":"o","1811":"n","1812":"\\","1813":"\"","1814":">","1815":"\\","1816":"r","1817":"\\","1818":"n","1819":" ","1820":" ","1821":" ","1822":" ","1823":"<","1824":"!","1825":"-","1826":"-","1827":" ","1828":"{","1829":"{","1830":" ","1831":"t","1832":"h","1833":"i","1834":"s","1835":".","1836":"$","1837":"s","1838":"t","1839":"o","1840":"r","1841":"e","1842":".","1843":"g","1844":"e","1845":"t","1846":"t","1847":"e","1848":"r","1849":"s","1850":".","1851":"_","1852":"s","1853":"a","1854":"l","1855":"t","1856":"K","1857":"e","1858":"y","1859":" ","1860":"}","1861":"}","1862":" ","1863":"-","1864":"-","1865":">","1866":"\\","1867":"r","1868":"\\","1869":"n","1870":" ","1871":" ","1872":" ","1873":" ","1874":"<","1875":"d","1876":"i","1877":"v","1878":" ","1879":"c","1880":"l","1881":"a","1882":"s","1883":"s","1884":"=","1885":"\\","1886":"\"","1887":"c","1888":"o","1889":"n","1890":"t","1891":"a","1892":"i","1893":"n","1894":"e","1895":"r","1896":"_","1897":"l","1898":"o","1899":"g","1900":"i","1901":"n","1902":"\\","1903":"\"","1904":">","1905":"\\","1906":"r","1907":"\\","1908":"n","1909":" ","1910":" ","1911":" ","1912":" ","1913":" ","1914":" ","1915":"<","1916":"h","1917":"1","1918":">","1919":"L","1920":"o","1921":"g","1922":"i","1923":"n","1924":"<","1925":"/","1926":"h","1927":"1","1928":">","1929":"\\","1930":"r","1931":"\\","1932":"n","1933":" ","1934":" ","1935":" ","1936":" ","1937":" ","1938":" ","1939":"<","1940":"h","1941":"r","1942":" ","1943":"/","1944":">","1945":"\\","1946":"r","1947":"\\","1948":"n","1949":" ","1950":" ","1951":" ","1952":" ","1953":" ","1954":" ","1955":"<","1956":"l","1957":"a","1958":"b","1959":"e","1960":"l","1961":" ","1962":"f","1963":"o","1964":"r","1965":"=","1966":"\\","1967":"\"","1968":"u","1969":"s","1970":"e","1971":"r","1972":"n","1973":"a","1974":"m","1975":"e","1976":"\\","1977":"\"","1978":">","1979":"<","1980":"b","1981":">","1982":"U","1983":"s","1984":"e","1985":"r","1986":"n","1987":"a","1988":"m","1989":"e","1990":"<","1991":"/","1992":"b","1993":">","1994":"<","1995":"/","1996":"l","1997":"a","1998":"b","1999":"e","2000":"l","2001":">","2002":"\\","2003":"r","2004":"\\","2005":"n","2006":" ","2007":" ","2008":" ","2009":" ","2010":" ","2011":" ","2012":"<","2013":"b","2014":"r","2015":" ","2016":"/","2017":">","2018":"\\","2019":"r","2020":"\\","2021":"n","2022":" ","2023":" ","2024":" ","2025":" ","2026":" ","2027":" ","2028":"<","2029":"s","2030":"m","2031":"a","2032":"l","2033":"l","2034":" ","2035":"v","2036":"-","2037":"i","2038":"f","2039":"=","2040":"\\","2041":"\"","2042":"v","2043":"$","2044":".","2045":"f","2046":"o","2047":"r","2048":"m","2049":".","2050":"u","2051":"s","2052":"e","2053":"r","2054":"n","2055":"a","2056":"m","2057":"e","2058":".","2059":"$","2060":"e","2061":"r","2062":"r","2063":"o","2064":"r","2065":"\\","2066":"\"","2067":">","2068":"U","2069":"s","2070":"e","2071":"r","2072":"n","2073":"a","2074":"m","2075":"e","2076":" ","2077":"m","2078":"u","2079":"s","2080":"t","2081":" ","2082":"b","2083":"e","2084":" ","2085":"e","2086":"x","2087":"i","2088":"s","2089":"t","2090":"s","2091":".","2092":"<","2093":"/","2094":"s","2095":"m","2096":"a","2097":"l","2098":"l","2099":">","2100":"\\","2101":"r","2102":"\\","2103":"n","2104":" ","2105":" ","2106":" ","2107":" ","2108":" ","2109":" ","2110":"<","2111":"i","2112":"n","2113":"p","2114":"u","2115":"t","2116":" ","2117":"v","2118":"-","2119":"m","2120":"o","2121":"d","2122":"e","2123":"l","2124":"=","2125":"\\","2126":"\"","2127":"v","2128":"$","2129":".","2130":"f","2131":"o","2132":"r","2133":"m","2134":".","2135":"u","2136":"s","2137":"e","2138":"r","2139":"n","2140":"a","2141":"m","2142":"e","2143":".","2144":"$","2145":"m","2146":"o","2147":"d","2148":"e","2149":"l","2150":"\\","2151":"\"","2152":" ","2153":"t","2154":"y","2155":"p","2156":"e","2157":"=","2158":"\\","2159":"\"","2160":"t","2161":"e","2162":"x","2163":"t","2164":"\\","2165":"\"","2166":" ","2167":"p","2168":"l","2169":"a","2170":"c","2171":"e","2172":"h","2173":"o","2174":"l","2175":"d","2176":"e","2177":"r","2178":"=","2179":"\\","2180":"\"","2181":"E","2182":"n","2183":"t","2184":"e","2185":"r","2186":" ","2187":"U","2188":"s","2189":"e","2190":"r","2191":"n","2192":"a","2193":"m","2194":"e","2195":"\\","2196":"\"","2197":" ","2198":"n","2199":"a","2200":"m","2201":"e","2202":"=","2203":"\\","2204":"\"","2205":"u","2206":"s","2207":"e","2208":"r","2209":"n","2210":"a","2211":"m","2212":"e","2213":"\\","2214":"\"","2215":" ","2216":"i","2217":"d","2218":"=","2219":"\\","2220":"\"","2221":"u","2222":"s","2223":"e","2224":"r","2225":"n","2226":"a","2227":"m","2228":"e","2229":"\\","2230":"\"","2231":" ","2232":"r","2233":"e","2234":"q","2235":"u","2236":"i","2237":"r","2238":"e","2239":"d","2240":" ","2241":"/","2242":">","2243":"\\","2244":"r","2245":"\\","2246":"n","2247":" ","2248":" ","2249":" ","2250":" ","2251":" ","2252":" ","2253":"<","2254":"b","2255":"r","2256":" ","2257":"/","2258":">","2259":"\\","2260":"r","2261":"\\","2262":"n","2263":" ","2264":" ","2265":" ","2266":" ","2267":" ","2268":" ","2269":"<","2270":"s","2271":"m","2272":"a","2273":"l","2274":"l","2275":" ","2276":"v","2277":"-","2278":"i","2279":"f","2280":"=","2281":"\\","2282":"\"","2283":"v","2284":"$","2285":".","2286":"f","2287":"o","2288":"r","2289":"m","2290":".","2291":"p","2292":"a","2293":"s","2294":"s","2295":"w","2296":"o","2297":"r","2298":"d","2299":".","2300":"$","2301":"e","2302":"r","2303":"r","2304":"o","2305":"r","2306":"\\","2307":"\"","2308":">","2309":"\\","2310":"r","2311":"\\","2312":"n","2313":" ","2314":" ","2315":" ","2316":" ","2317":" ","2318":" ","2319":" ","2320":" ","2321":"Y","2322":"o","2323":"u","2324":"r","2325":" ","2326":"p","2327":"a","2328":"s","2329":"s","2330":"w","2331":"o","2332":"r","2333":"d","2334":" ","2335":"m","2336":"u","2337":"s","2338":"t","2339":" ","2340":"b","2341":"e","2342":" ","2343":"3","2344":" ","2345":"o","2346":"r","2347":" ","2348":"m","2349":"o","2350":"r","2351":"e","2352":" ","2353":"c","2354":"h","2355":"a","2356":"r","2357":"a","2358":"c","2359":"t","2360":"e","2361":"r","2362":"s","2363":",","2364":" ","2365":"a","2366":"n","2367":"d","2368":" ","2369":"i","2370":"n","2371":"c","2372":"l","2373":"u","2374":"d","2375":"e","2376":" ","2377":"a","2378":"t","2379":" ","2380":"l","2381":"e","2382":"a","2383":"s","2384":"t","2385":" ","2386":"o","2387":"n","2388":"e","2389":" ","2390":"l","2391":"o","2392":"w","2393":"e","2394":"r","2395":"c","2396":"a","2397":"s","2398":"e","2399":" ","2400":"l","2401":"e","2402":"t","2403":"t","2404":"e","2405":"r","2406":",","2407":" ","2408":"o","2409":"n","2410":"e","2411":" ","2412":"u","2413":"p","2414":"p","2415":"e","2416":"r","2417":"c","2418":"a","2419":"s","2420":"e","2421":" ","2422":"l","2423":"e","2424":"t","2425":"t","2426":"e","2427":"r","2428":",","2429":" ","2430":"a","2431":"n","2432":"d","2433":" ","2434":"a","2435":" ","2436":"n","2437":"u","2438":"m","2439":"b","2440":"e","2441":"r","2442":"<","2443":"/","2444":"s","2445":"m","2446":"a","2447":"l","2448":"l","2449":"\\","2450":"r","2451":"\\","2452":"n","2453":" ","2454":" ","2455":" ","2456":" ","2457":" ","2458":" ","2459":">","2460":"\\","2461":"r","2462":"\\","2463":"n","2464":" ","2465":" ","2466":" ","2467":" ","2468":" ","2469":" ","2470":"<","2471":"l","2472":"a","2473":"b","2474":"e","2475":"l","2476":" ","2477":"f","2478":"o","2479":"r","2480":"=","2481":"\\","2482":"\"","2483":"p","2484":"s","2485":"w","2486":"\\","2487":"\"","2488":">","2489":"<","2490":"b","2491":">","2492":"P","2493":"a","2494":"s","2495":"s","2496":"w","2497":"o","2498":"r","2499":"d","2500":"<","2501":"/","2502":"b","2503":">","2504":"<","2505":"/","2506":"l","2507":"a","2508":"b","2509":"e","2510":"l","2511":">","2512":"\\","2513":"r","2514":"\\","2515":"n","2516":" ","2517":" ","2518":" ","2519":" ","2520":" ","2521":" ","2522":"<","2523":"i","2524":"n","2525":"p","2526":"u","2527":"t","2528":" ","2529":"v","2530":"-","2531":"m","2532":"o","2533":"d","2534":"e","2535":"l","2536":"=","2537":"\\","2538":"\"","2539":"v","2540":"$","2541":".","2542":"f","2543":"o","2544":"r","2545":"m","2546":".","2547":"p","2548":"a","2549":"s","2550":"s","2551":"w","2552":"o","2553":"r","2554":"d","2555":".","2556":"$","2557":"m","2558":"o","2559":"d","2560":"e","2561":"l","2562":"\\","2563":"\"","2564":" ","2565":"t","2566":"y","2567":"p","2568":"e","2569":"=","2570":"\\","2571":"\"","2572":"p","2573":"a","2574":"s","2575":"s","2576":"w","2577":"o","2578":"r","2579":"d","2580":"\\","2581":"\"","2582":" ","2583":"p","2584":"l","2585":"a","2586":"c","2587":"e","2588":"h","2589":"o","2590":"l","2591":"d","2592":"e","2593":"r","2594":"=","2595":"\\","2596":"\"","2597":"E","2598":"n","2599":"t","2600":"e","2601":"r","2602":" ","2603":"P","2604":"a","2605":"s","2606":"s","2607":"w","2608":"o","2609":"r","2610":"d","2611":"\\","2612":"\"","2613":" ","2614":"n","2615":"a","2616":"m","2617":"e","2618":"=","2619":"\\","2620":"\"","2621":"p","2622":"s","2623":"w","2624":"\\","2625":"\"","2626":" ","2627":"i","2628":"d","2629":"=","2630":"\\","2631":"\"","2632":"p","2633":"s","2634":"w","2635":"\\","2636":"\"","2637":" ","2638":"r","2639":"e","2640":"q","2641":"u","2642":"i","2643":"r","2644":"e","2645":"d","2646":" ","2647":"/","2648":">","2649":"\\","2650":"r","2651":"\\","2652":"n","2653":" ","2654":" ","2655":" ","2656":" ","2657":" ","2658":" ","2659":"<","2660":"b","2661":"r","2662":" ","2663":"/","2664":">","2665":"\\","2666":"r","2667":"\\","2668":"n","2669":" ","2670":" ","2671":" ","2672":" ","2673":" ","2674":" ","2675":"<","2676":"h","2677":"r","2678":" ","2679":"/","2680":">","2681":"\\","2682":"r","2683":"\\","2684":"n","2685":" ","2686":" ","2687":" ","2688":" ","2689":" ","2690":" ","2691":"<","2692":"r","2693":"o","2694":"u","2695":"t","2696":"e","2697":"r","2698":"-","2699":"l","2700":"i","2701":"n","2702":"k","2703":" ","2704":":","2705":"t","2706":"o","2707":"=","2708":"\\","2709":"\"","2710":"{","2711":" ","2712":"n","2713":"a","2714":"m","2715":"e","2716":":","2717":" ","2718":"'","2719":"R","2720":"e","2721":"g","2722":"i","2723":"s","2724":"t","2725":"e","2726":"r","2727":"'","2728":" ","2729":"}","2730":"\\","2731":"\"","2732":">","2733":"R","2734":"e","2735":"g","2736":"i","2737":"s","2738":"t","2739":"e","2740":"r","2741":"<","2742":"/","2743":"r","2744":"o","2745":"u","2746":"t","2747":"e","2748":"r","2749":"-","2750":"l","2751":"i","2752":"n","2753":"k","2754":">","2755":"\\","2756":"r","2757":"\\","2758":"n","2759":" ","2760":" ","2761":" ","2762":" ","2763":" ","2764":" ","2765":"<","2766":"b","2767":"u","2768":"t","2769":"t","2770":"o","2771":"n","2772":" ","2773":"c","2774":"l","2775":"a","2776":"s","2777":"s","2778":"=","2779":"\\","2780":"\"","2781":"r","2782":"e","2783":"g","2784":"i","2785":"s","2786":"t","2787":"e","2788":"r","2789":"b","2790":"t","2791":"n","2792":"\\","2793":"\"","2794":" ","2795":"@","2796":"c","2797":"l","2798":"i","2799":"c","2800":"k","2801":"=","2802":"\\","2803":"\"","2804":"o","2805":"n","2806":"S","2807":"u","2808":"b","2809":"m","2810":"i","2811":"t","2812":"(","2813":")","2814":"\\","2815":"\"","2816":">","2817":"L","2818":"o","2819":"g","2820":"i","2821":"n","2822":"<","2823":"/","2824":"b","2825":"u","2826":"t","2827":"t","2828":"o","2829":"n","2830":">","2831":"\\","2832":"r","2833":"\\","2834":"n","2835":" ","2836":" ","2837":" ","2838":" ","2839":"<","2840":"/","2841":"d","2842":"i","2843":"v","2844":">","2845":"\\","2846":"r","2847":"\\","2848":"n","2849":" ","2850":" ","2851":" ","2852":" ","2853":"<","2854":"!","2855":"-","2856":"-","2857":" ","2858":"<","2859":"d","2860":"i","2861":"v","2862":" ","2863":"c","2864":"l","2865":"a","2866":"s","2867":"s","2868":"=","2869":"\\","2870":"\"","2871":"c","2872":"o","2873":"n","2874":"t","2875":"a","2876":"i","2877":"n","2878":"e","2879":"r","2880":" ","2881":"s","2882":"i","2883":"g","2884":"n","2885":"i","2886":"n","2887":"\\","2888":"\"","2889":">","2890":"\\","2891":"r","2892":"\\","2893":"n","2894":" ","2895":" ","2896":" ","2897":" ","2898":" ","2899":" ","2900":"<","2901":"p","2902":">","2903":"A","2904":"l","2905":"r","2906":"e","2907":"a","2908":"d","2909":"y","2910":" ","2911":"h","2912":"a","2913":"v","2914":"e","2915":" ","2916":"a","2917":"n","2918":" ","2919":"a","2920":"c","2921":"c","2922":"o","2923":"u","2924":"n","2925":"t","2926":"?","2927":" ","2928":"<","2929":"a","2930":" ","2931":"h","2932":"r","2933":"e","2934":"f","2935":"=","2936":"\\","2937":"\"","2938":"#","2939":"\\","2940":"\"","2941":">","2942":"S","2943":"i","2944":"g","2945":"n","2946":" ","2947":"i","2948":"n","2949":"<","2950":"/","2951":"a","2952":">","2953":".","2954":"<","2955":"/","2956":"p","2957":">","2958":"\\","2959":"r","2960":"\\","2961":"n","2962":" ","2963":" ","2964":" ","2965":" ","2966":"<","2967":"/","2968":"d","2969":"i","2970":"v","2971":">","2972":" ","2973":"-","2974":"-","2975":">","2976":"\\","2977":"r","2978":"\\","2979":"n","2980":" ","2981":" ","2982":"<","2983":"/","2984":"d","2985":"i","2986":"v","2987":">","2988":"\\","2989":"r","2990":"\\","2991":"n","2992":"<","2993":"/","2994":"t","2995":"e","2996":"m","2997":"p","2998":"l","2999":"a","3000":"t","3001":"e","3002":">","3003":"\\","3004":"r","3005":"\\","3006":"n","3007":"<","3008":"s","3009":"c","3010":"r","3011":"i","3012":"p","3013":"t","3014":">","3015":"\\","3016":"r","3017":"\\","3018":"n","3019":"i","3020":"m","3021":"p","3022":"o","3023":"r","3024":"t","3025":" ","3026":"C","3027":"r","3028":"y","3029":"p","3030":"t","3031":"o","3032":"J","3033":"S","3034":" ","3035":"f","3036":"r","3037":"o","3038":"m","3039":" ","3040":"\\","3041":"\"","3042":"c","3043":"r","3044":"y","3045":"p","3046":"t","3047":"o","3048":"-","3049":"j","3050":"s","3051":"\\","3052":"\"","3053":";","3054":"\\","3055":"r","3056":"\\","3057":"n","3058":"i","3059":"m","3060":"p","3061":"o","3062":"r","3063":"t","3064":" ","3065":"u","3066":"s","3067":"e","3068":"V","3069":"a","3070":"l","3071":"i","3072":"d","3073":"a","3074":"t","3075":"e","3076":" ","3077":"f","3078":"r","3079":"o","3080":"m","3081":" ","3082":"\\","3083":"\"","3084":"@","3085":"v","3086":"u","3087":"e","3088":"l","3089":"i","3090":"d","3091":"a","3092":"t","3093":"e","3094":"/","3095":"c","3096":"o","3097":"r","3098":"e","3099":"\\","3100":"\"","3101":";","3102":"\\","3103":"r","3104":"\\","3105":"n","3106":"i","3107":"m","3108":"p","3109":"o","3110":"r","3111":"t","3112":" ","3113":"{","3114":" ","3115":"r","3116":"e","3117":"q","3118":"u","3119":"i","3120":"r","3121":"e","3122":"d","3123":",","3124":" ","3125":"m","3126":"i","3127":"n","3128":"L","3129":"e","3130":"n","3131":"g","3132":"t","3133":"h","3134":" ","3135":"}","3136":" ","3137":"f","3138":"r","3139":"o","3140":"m","3141":" ","3142":"\\","3143":"\"","3144":"@","3145":"v","3146":"u","3147":"e","3148":"l","3149":"i","3150":"d","3151":"a","3152":"t","3153":"e","3154":"/","3155":"v","3156":"a","3157":"l","3158":"i","3159":"d","3160":"a","3161":"t","3162":"o","3163":"r","3164":"s","3165":"\\","3166":"\"","3167":";","3168":"\\","3169":"r","3170":"\\","3171":"n","3172":"e","3173":"x","3174":"p","3175":"o","3176":"r","3177":"t","3178":" ","3179":"d","3180":"e","3181":"f","3182":"a","3183":"u","3184":"l","3185":"t","3186":" ","3187":"{","3188":"\\","3189":"r","3190":"\\","3191":"n","3192":" ","3193":" ","3194":"s","3195":"e","3196":"t","3197":"u","3198":"p","3199":"(","3200":")","3201":" ","3202":"{","3203":"\\","3204":"r","3205":"\\","3206":"n","3207":" ","3208":" ","3209":" ","3210":" ","3211":"r","3212":"e","3213":"t","3214":"u","3215":"r","3216":"n","3217":" ","3218":"{","3219":"\\","3220":"r","3221":"\\","3222":"n","3223":" ","3224":" ","3225":" ","3226":" ","3227":" ","3228":" ","3229":"v","3230":"$","3231":":","3232":" ","3233":"u","3234":"s","3235":"e","3236":"V","3237":"a","3238":"l","3239":"i","3240":"d","3241":"a","3242":"t","3243":"e","3244":"(","3245":")","3246":",","3247":"\\","3248":"r","3249":"\\","3250":"n","3251":" ","3252":" ","3253":" ","3254":" ","3255":"}","3256":";","3257":"\\","3258":"r","3259":"\\","3260":"n","3261":" ","3262":" ","3263":"}","3264":",","3265":"\\","3266":"r","3267":"\\","3268":"n","3269":" ","3270":" ","3271":"v","3272":"a","3273":"l","3274":"i","3275":"d","3276":"a","3277":"t","3278":"i","3279":"o","3280":"n","3281":"s","3282":"(","3283":")","3284":" ","3285":"{","3286":"\\","3287":"r","3288":"\\","3289":"n","3290":" ","3291":" ","3292":" ","3293":" ","3294":"r","3295":"e","3296":"t","3297":"u","3298":"r","3299":"n","3300":" ","3301":"{","3302":"\\","3303":"r","3304":"\\","3305":"n","3306":" ","3307":" ","3308":" ","3309":" ","3310":" ","3311":" ","3312":"f","3313":"o","3314":"r","3315":"m","3316":":","3317":" ","3318":"{","3319":"\\","3320":"r","3321":"\\","3322":"n","3323":" ","3324":" ","3325":" ","3326":" ","3327":" ","3328":" ","3329":" ","3330":" ","3331":"u","3332":"s","3333":"e","3334":"r","3335":"n","3336":"a","3337":"m","3338":"e","3339":":","3340":" ","3341":"{","3342":" ","3343":"r","3344":"e","3345":"q","3346":"u","3347":"i","3348":"r","3349":"e","3350":"d","3351":" ","3352":"}","3353":",","3354":"\\","3355":"r","3356":"\\","3357":"n","3358":" ","3359":" ","3360":" ","3361":" ","3362":" ","3363":" ","3364":" ","3365":" ","3366":"f","3367":"u","3368":"l","3369":"l","3370":"n","3371":"a","3372":"m","3373":"e","3374":":","3375":" ","3376":"{","3377":" ","3378":"r","3379":"e","3380":"q","3381":"u","3382":"i","3383":"r","3384":"e","3385":"d","3386":" ","3387":"}","3388":",","3389":"\\","3390":"r","3391":"\\","3392":"n","3393":" ","3394":" ","3395":" ","3396":" ","3397":" ","3398":" ","3399":" ","3400":" ","3401":"p","3402":"a","3403":"s","3404":"s","3405":"w","3406":"o","3407":"r","3408":"d","3409":":","3410":" ","3411":"{","3412":"\\","3413":"r","3414":"\\","3415":"n","3416":" ","3417":" ","3418":" ","3419":" ","3420":" ","3421":" ","3422":" ","3423":" ","3424":" ","3425":" ","3426":"m","3427":"i","3428":"n","3429":"L","3430":"e","3431":"n","3432":"g","3433":"t","3434":"h","3435":":","3436":" ","3437":"m","3438":"i","3439":"n","3440":"L","3441":"e","3442":"n","3443":"g","3444":"t","3445":"h","3446":"(","3447":"3","3448":")","3449":",","3450":"\\","3451":"r","3452":"\\","3453":"n","3454":" ","3455":" ","3456":" ","3457":" ","3458":" ","3459":" ","3460":" ","3461":" ","3462":" ","3463":" ","3464":"r","3465":"e","3466":"q","3467":"u","3468":"i","3469":"r","3470":"e","3471":"d","3472":",","3473":"\\","3474":"r","3475":"\\","3476":"n","3477":" ","3478":" ","3479":" ","3480":" ","3481":" ","3482":" ","3483":" ","3484":" ","3485":" ","3486":" ","3487":"v","3488":"a","3489":"l","3490":"i","3491":"d","3492":":","3493":" ","3494":"f","3495":"u","3496":"n","3497":"c","3498":"t","3499":"i","3500":"o","3501":"n","3502":" ","3503":"(","3504":"v","3505":"a","3506":"l","3507":"u","3508":"e","3509":")","3510":" ","3511":"{","3512":"\\","3513":"r","3514":"\\","3515":"n","3516":" ","3517":" ","3518":" ","3519":" ","3520":" ","3521":" ","3522":" ","3523":" ","3524":" ","3525":" ","3526":" ","3527":" ","3528":"c","3529":"o","3530":"n","3531":"s","3532":"t","3533":" ","3534":"c","3535":"o","3536":"n","3537":"s","3538":"t","3539":"r","3540":"a","3541":"i","3542":"n","3543":"s","3544":"U","3545":"p","3546":"p","3547":"e","3548":"r","3549":"c","3550":"a","3551":"s","3552":"e","3553":" ","3554":"=","3555":" ","3556":"/","3557":"[","3558":"A","3559":"-","3560":"Z","3561":"]","3562":"/","3563":".","3564":"t","3565":"e","3566":"s","3567":"t","3568":"(","3569":"v","3570":"a","3571":"l","3572":"u","3573":"e","3574":")","3575":";","3576":"\\","3577":"r","3578":"\\","3579":"n","3580":" ","3581":" ","3582":" ","3583":" ","3584":" ","3585":" ","3586":" ","3587":" ","3588":" ","3589":" ","3590":" ","3591":" ","3592":"c","3593":"o","3594":"n","3595":"s","3596":"t","3597":" ","3598":"c","3599":"o","3600":"n","3601":"s","3602":"t","3603":"r","3604":"a","3605":"i","3606":"n","3607":"s","3608":"L","3609":"o","3610":"w","3611":"e","3612":"r","3613":"c","3614":"a","3615":"s","3616":"e","3617":" ","3618":"=","3619":" ","3620":"/","3621":"[","3622":"a","3623":"-","3624":"z","3625":"]","3626":"/","3627":".","3628":"t","3629":"e","3630":"s","3631":"t","3632":"(","3633":"v","3634":"a","3635":"l","3636":"u","3637":"e","3638":")","3639":";","3640":"\\","3641":"r","3642":"\\","3643":"n","3644":" ","3645":" ","3646":" ","3647":" ","3648":" ","3649":" ","3650":" ","3651":" ","3652":" ","3653":" ","3654":" ","3655":" ","3656":"c","3657":"o","3658":"n","3659":"s","3660":"t","3661":" ","3662":"c","3663":"o","3664":"n","3665":"s","3666":"t","3667":"r","3668":"a","3669":"i","3670":"n","3671":"s","3672":"N","3673":"u","3674":"m","3675":"b","3676":"e","3677":"r","3678":" ","3679":"=","3680":" ","3681":"/","3682":"[","3683":"0","3684":"-","3685":"9","3686":"]","3687":"/","3688":".","3689":"t","3690":"e","3691":"s","3692":"t","3693":"(","3694":"v","3695":"a","3696":"l","3697":"u","3698":"e","3699":")","3700":";","3701":"\\","3702":"r","3703":"\\","3704":"n","3705":" ","3706":" ","3707":" ","3708":" ","3709":" ","3710":" ","3711":" ","3712":" ","3713":" ","3714":" ","3715":" ","3716":" ","3717":"r","3718":"e","3719":"t","3720":"u","3721":"r","3722":"n","3723":" ","3724":"c","3725":"o","3726":"n","3727":"s","3728":"t","3729":"r","3730":"a","3731":"i","3732":"n","3733":"s","3734":"U","3735":"p","3736":"p","3737":"e","3738":"r","3739":"c","3740":"a","3741":"s","3742":"e","3743":" ","3744":"&","3745":"&","3746":" ","3747":"c","3748":"o","3749":"n","3750":"s","3751":"t","3752":"r","3753":"a","3754":"i","3755":"n","3756":"s","3757":"L","3758":"o","3759":"w","3760":"e","3761":"r","3762":"c","3763":"a","3764":"s","3765":"e","3766":" ","3767":"&","3768":"&","3769":" ","3770":"c","3771":"o","3772":"n","3773":"s","3774":"t","3775":"r","3776":"a","3777":"i","3778":"n","3779":"s","3780":"N","3781":"u","3782":"m","3783":"b","3784":"e","3785":"r","3786":";","3787":"\\","3788":"r","3789":"\\","3790":"n","3791":" ","3792":" ","3793":" ","3794":" ","3795":" ","3796":" ","3797":" ","3798":" ","3799":" ","3800":" ","3801":"}","3802":",","3803":"\\","3804":"r","3805":"\\","3806":"n","3807":" ","3808":" ","3809":" ","3810":" ","3811":" ","3812":" ","3813":" ","3814":" ","3815":"}","3816":",","3817":"\\","3818":"r","3819":"\\","3820":"n","3821":" ","3822":" ","3823":" ","3824":" ","3825":" ","3826":" ","3827":"}","3828":",","3829":"\\","3830":"r","3831":"\\","3832":"n","3833":" ","3834":" ","3835":" ","3836":" ","3837":"}","3838":";","3839":"\\","3840":"r","3841":"\\","3842":"n","3843":" ","3844":" ","3845":"}","3846":",","3847":"\\","3848":"r","3849":"\\","3850":"n","3851":"\\","3852":"r","3853":"\\","3854":"n","3855":" ","3856":" ","3857":"d","3858":"a","3859":"t","3860":"a","3861":"(","3862":")","3863":" ","3864":"{","3865":"\\","3866":"r","3867":"\\","3868":"n","3869":" ","3870":" ","3871":" ","3872":" ","3873":"r","3874":"e","3875":"t","3876":"u","3877":"r","3878":"n","3879":" ","3880":"{","3881":"\\","3882":"r","3883":"\\","3884":"n","3885":" ","3886":" ","3887":" ","3888":" ","3889":" ","3890":" ","3891":"f","3892":"o","3893":"r","3894":"m","3895":":","3896":" ","3897":"{","3898":"\\","3899":"r","3900":"\\","3901":"n","3902":" ","3903":" ","3904":" ","3905":" ","3906":" ","3907":" ","3908":" ","3909":" ","3910":"u","3911":"s","3912":"e","3913":"r","3914":"n","3915":"a","3916":"m","3917":"e","3918":":","3919":" ","3920":"n","3921":"u","3922":"l","3923":"l","3924":",","3925":"\\","3926":"r","3927":"\\","3928":"n","3929":" ","3930":" ","3931":" ","3932":" ","3933":" ","3934":" ","3935":" ","3936":" ","3937":"p","3938":"a","3939":"s","3940":"s","3941":"w","3942":"o","3943":"r","3944":"d","3945":":","3946":" ","3947":"n","3948":"u","3949":"l","3950":"l","3951":",","3952":"\\","3953":"r","3954":"\\","3955":"n","3956":" ","3957":" ","3958":" ","3959":" ","3960":" ","3961":" ","3962":"}","3963":",","3964":"\\","3965":"r","3966":"\\","3967":"n","3968":" ","3969":" ","3970":" ","3971":" ","3972":"}","3973":";","3974":"\\","3975":"r","3976":"\\","3977":"n","3978":" ","3979":" ","3980":"}","3981":",","3982":"\\","3983":"r","3984":"\\","3985":"n","3986":"\\","3987":"r","3988":"\\","3989":"n","3990":" ","3991":" ","3992":"m","3993":"e","3994":"t","3995":"h","3996":"o","3997":"d","3998":"s","3999":":","4000":" ","4001":"{","4002":"\\","4003":"r","4004":"\\","4005":"n","4006":" ","4007":" ","4008":" ","4009":" ","4010":"o","4011":"n","4012":"S","4013":"u","4014":"b","4015":"m","4016":"i","4017":"t","4018":"(","4019":")","4020":" ","4021":"{","4022":"\\","4023":"r","4024":"\\","4025":"n","4026":" ","4027":" ","4028":" ","4029":" ","4030":" ","4031":" ","4032":"c","4033":"o","4034":"n","4035":"s","4036":"t","4037":" ","4038":"p","4039":"a","4040":"s","4041":"s","4042":"w","4043":"o","4044":"r","4045":"d","4046":" ","4047":"=","4048":" ","4049":"C","4050":"r","4051":"y","4052":"p","4053":"t","4054":"o","4055":"J","4056":"S","4057":".","4058":"H","4059":"m","4060":"a","4061":"c","4062":"S","4063":"H","4064":"A","4065":"1","4066":"(","4067":"t","4068":"h","4069":"i","4070":"s","4071":".","4072":"f","4073":"o","4074":"r","4075":"m","4076":".","4077":"p","4078":"a","4079":"s","4080":"s","4081":"w","4082":"o","4083":"r","4084":"d","4085":",","4086":" ","4087":"t","4088":"h","4089":"i","4090":"s","4091":".","4092":"$","4093":"s","4094":"t","4095":"o","4096":"r","4097":"e","4098":".","4099":"g","4100":"e","4101":"t","4102":"t","4103":"e","4104":"r","4105":"s","4106":".","4107":"_","4108":"s","4109":"a","4110":"l","4111":"t","4112":"K","4113":"e","4114":"y","4115":")","4116":".","4117":"t","4118":"o","4119":"S","4120":"t","4121":"r","4122":"i","4123":"n","4124":"g","4125":"(","4126":")","4127":";","4128":"\\","4129":"r","4130":"\\","4131":"n","4132":" ","4133":" ","4134":" ","4135":" ","4136":" ","4137":" ","4138":"t","4139":"h","4140":"i","4141":"s","4142":".","4143":"$","4144":"a","4145":"p","4146":"p","4147":"A","4148":"x","4149":"i","4150":"o","4151":"s","4152":"\\","4153":"r","4154":"\\","4155":"n","4156":" ","4157":" ","4158":" ","4159":" ","4160":" ","4161":" ","4162":" ","4163":" ","4164":".","4165":"g","4166":"e","4167":"t","4168":"(","4169":"`","4170":"/","4171":"u","4172":"s","4173":"e","4174":"r","4175":"s","4176":"?","4177":"u","4178":"s","4179":"e","4180":"r","4181":"n","4182":"a","4183":"m","4184":"e","4185":"=","4186":"$","4187":"{","4188":"t","4189":"h","4190":"i","4191":"s","4192":".","4193":"f","4194":"o","4195":"r","4196":"m","4197":".","4198":"u","4199":"s","4200":"e","4201":"r","4202":"n","4203":"a","4204":"m","4205":"e","4206":"}","4207":"&","4208":"p","4209":"a","4210":"s","4211":"s","4212":"w","4213":"o","4214":"r","4215":"d","4216":"=","4217":"$","4218":"{","4219":"p","4220":"a","4221":"s","4222":"s","4223":"w","4224":"o","4225":"r","4226":"d","4227":"}","4228":"`","4229":")","4230":"\\","4231":"r","4232":"\\","4233":"n","4234":" ","4235":" ","4236":" ","4237":" ","4238":" ","4239":" ","4240":" ","4241":" ","4242":".","4243":"t","4244":"h","4245":"e","4246":"n","4247":"(","4248":"(","4249":"l","4250":"o","4251":"g","4252":"i","4253":"n","4254":"_","4255":"r","4256":"e","4257":"s","4258":"p","4259":"o","4260":"n","4261":"s","4262":"e","4263":")","4264":" ","4265":"=","4266":">","4267":" ","4268":"{","4269":"\\","4270":"r","4271":"\\","4272":"n","4273":" ","4274":" ","4275":" ","4276":" ","4277":" ","4278":" ","4279":" ","4280":" ","4281":" ","4282":" ","4283":"i","4284":"f","4285":" ","4286":"(","4287":"l","4288":"o","4289":"g","4290":"i","4291":"n","4292":"_","4293":"r","4294":"e","4295":"s","4296":"p","4297":"o","4298":"n","4299":"s","4300":"e","4301":"?","4302":".","4303":"d","4304":"a","4305":"t","4306":"a","4307":"?","4308":".","4309":"l","4310":"e","4311":"n","4312":"g","4313":"t","4314":"h","4315":" ","4316":">","4317":" ","4318":"0","4319":")","4320":" ","4321":"{","4322":"\\","4323":"r","4324":"\\","4325":"n","4326":" ","4327":" ","4328":" ","4329":" ","4330":" ","4331":" ","4332":" ","4333":" ","4334":" ","4335":" ","4336":" ","4337":" ","4338":"t","4339":"h","4340":"i","4341":"s","4342":".","4343":"$","4344":"s","4345":"t","4346":"o","4347":"r","4348":"e","4349":".","4350":"c","4351":"o","4352":"m","4353":"m","4354":"i","4355":"t","4356":"(","4357":"\\","4358":"\"","4359":"s","4360":"e","4361":"t","4362":"U","4363":"s","4364":"e","4365":"r","4366":"\\","4367":"\"","4368":",","4369":" ","4370":"l","4371":"o","4372":"g","4373":"i","4374":"n","4375":"_","4376":"r","4377":"e","4378":"s","4379":"p","4380":"o","4381":"n","4382":"s","4383":"e","4384":"?","4385":".","4386":"d","4387":"a","4388":"t","4389":"a","4390":"[","4391":"0","4392":"]","4393":")","4394":";","4395":"\\","4396":"r","4397":"\\","4398":"n","4399":" ","4400":" ","4401":" ","4402":" ","4403":" ","4404":" ","4405":" ","4406":" ","4407":" ","4408":" ","4409":" ","4410":" ","4411":"t","4412":"h","4413":"i","4414":"s","4415":".","4416":"$","4417":"r","4418":"o","4419":"u","4420":"t","4421":"e","4422":"r","4423":".","4424":"p","4425":"u","4426":"s","4427":"h","4428":"(","4429":"{","4430":" ","4431":"n","4432":"a","4433":"m","4434":"e","4435":":","4436":" ","4437":"\\","4438":"\"","4439":"H","4440":"o","4441":"m","4442":"e","4443":"\\","4444":"\"","4445":" ","4446":"}","4447":")","4448":";","4449":"\\","4450":"r","4451":"\\","4452":"n","4453":" ","4454":" ","4455":" ","4456":" ","4457":" ","4458":" ","4459":" ","4460":" ","4461":" ","4462":" ","4463":" ","4464":" ","4465":"c","4466":"o","4467":"n","4468":"s","4469":"o","4470":"l","4471":"e","4472":".","4473":"l","4474":"o","4475":"g","4476":"(","4477":"t","4478":"h","4479":"i","4480":"s","4481":".","4482":"$","4483":"r","4484":"o","4485":"u","4486":"t","4487":"e","4488":"r","4489":".","4490":"p","4491":"u","4492":"s","4493":"h","4494":"(","4495":"{","4496":" ","4497":"n","4498":"a","4499":"m","4500":"e","4501":":","4502":" ","4503":"\\","4504":"\"","4505":"H","4506":"o","4507":"m","4508":"e","4509":"_","4510":"P","4511":"a","4512":"g","4513":"e","4514":"\\","4515":"\"","4516":" ","4517":"}","4518":")","4519":")","4520":";","4521":"\\","4522":"r","4523":"\\","4524":"n","4525":" ","4526":" ","4527":" ","4528":" ","4529":" ","4530":" ","4531":" ","4532":" ","4533":" ","4534":" ","4535":"}","4536":" ","4537":"e","4538":"l","4539":"s","4540":"e","4541":" ","4542":"{","4543":"\\","4544":"r","4545":"\\","4546":"n","4547":" ","4548":" ","4549":" ","4550":" ","4551":" ","4552":" ","4553":" ","4554":" ","4555":" ","4556":" ","4557":" ","4558":" ","4559":"a","4560":"l","4561":"e","4562":"r","4563":"t","4564":"(","4565":"\\","4566":"\"","4567":"U","4568":"s","4569":"e","4570":"r","4571":"s","4572":" ","4573":"d","4574":"o","4575":"e","4576":"s","4577":"n","4578":"t","4579":" ","4580":"e","4581":"x","4582":"i","4583":"s","4584":"t","4585":"s","4586":".","4587":"\\","4588":"\"","4589":")","4590":";","4591":"\\","4592":"r","4593":"\\","4594":"n","4595":" ","4596":" ","4597":" ","4598":" ","4599":" ","4600":" ","4601":" ","4602":" ","4603":" ","4604":" ","4605":"}","4606":"\\","4607":"r","4608":"\\","4609":"n","4610":" ","4611":" ","4612":" ","4613":" ","4614":" ","4615":" ","4616":" ","4617":" ","4618":" ","4619":" ","4620":"c","4621":"o","4622":"n","4623":"s","4624":"o","4625":"l","4626":"e","4627":".","4628":"l","4629":"o","4630":"g","4631":"(","4632":"l","4633":"o","4634":"g","4635":"i","4636":"n","4637":"_","4638":"r","4639":"e","4640":"s","4641":"p","4642":"o","4643":"n","4644":"s","4645":"e","4646":")","4647":";","4648":"\\","4649":"r","4650":"\\","4651":"n","4652":" ","4653":" ","4654":" ","4655":" ","4656":" ","4657":" ","4658":" ","4659":" ","4660":"}","4661":")","4662":"\\","4663":"r","4664":"\\","4665":"n","4666":" ","4667":" ","4668":" ","4669":" ","4670":" ","4671":" ","4672":" ","4673":" ","4674":".","4675":"c","4676":"a","4677":"t","4678":"c","4679":"h","4680":"(","4681":"(","4682":"e","4683":")","4684":" ","4685":"=","4686":">","4687":" ","4688":"c","4689":"o","4690":"n","4691":"s","4692":"o","4693":"l","4694":"e","4695":".","4696":"l","4697":"o","4698":"g","4699":"(","4700":"e","4701":")","4702":")","4703":";","4704":"\\","4705":"r","4706":"\\","4707":"n","4708":" ","4709":" ","4710":" ","4711":" ","4712":"}","4713":",","4714":"\\","4715":"r","4716":"\\","4717":"n","4718":" ","4719":" ","4720":"}","4721":",","4722":"\\","4723":"r","4724":"\\","4725":"n","4726":"}","4727":";","4728":"\\","4729":"r","4730":"\\","4731":"n","4732":"<","4733":"/","4734":"s","4735":"c","4736":"r","4737":"i","4738":"p","4739":"t","4740":">","4741":"\\","4742":"r","4743":"\\","4744":"n","4745":"\\","4746":"r","4747":"\\","4748":"n","4749":"<","4750":"s","4751":"t","4752":"y","4753":"l","4754":"e","4755":">","4756":"\\","4757":"r","4758":"\\","4759":"n","4760":"/","4761":"*","4762":" ","4763":"A","4764":"d","4765":"d","4766":" ","4767":"p","4768":"a","4769":"d","4770":"d","4771":"i","4772":"n","4773":"g","4774":" ","4775":"t","4776":"o","4777":" ","4778":"c","4779":"o","4780":"n","4781":"t","4782":"a","4783":"i","4784":"n","4785":"e","4786":"r","4787":"s","4788":" ","4789":"*","4790":"/","4791":"\\","4792":"r","4793":"\\","4794":"n","4795":".","4796":"c","4797":"o","4798":"n","4799":"t","4800":"a","4801":"i","4802":"n","4803":"e","4804":"r","4805":"_","4806":"l","4807":"o","4808":"g","4809":"i","4810":"n","4811":" ","4812":"{","4813":"\\","4814":"r","4815":"\\","4816":"n","4817":" ","4818":" ","4819":"p","4820":"a","4821":"d","4822":"d","4823":"i","4824":"n","4825":"g","4826":":","4827":" ","4828":"1","4829":"6","4830":"p","4831":"x","4832":";","4833":"\\","4834":"r","4835":"\\","4836":"n","4837":" ","4838":" ","4839":"w","4840":"i","4841":"d","4842":"t","4843":"h","4844":":","4845":" ","4846":"4","4847":"0","4848":"%","4849":";","4850":"\\","4851":"r","4852":"\\","4853":"n","4854":" ","4855":" ","4856":"m","4857":"a","4858":"r","4859":"g","4860":"i","4861":"n","4862":":","4863":" ","4864":"a","4865":"u","4866":"t","4867":"o","4868":";","4869":"\\","4870":"r","4871":"\\","4872":"n","4873":" ","4874":" ","4875":"j","4876":"u","4877":"s","4878":"t","4879":"i","4880":"f","4881":"y","4882":"-","4883":"c","4884":"o","4885":"n","4886":"t","4887":"e","4888":"n","4889":"t","4890":":","4891":" ","4892":"c","4893":"e","4894":"n","4895":"t","4896":"e","4897":"r","4898":";","4899":"\\","4900":"r","4901":"\\","4902":"n","4903":" ","4904":" ","4905":"f","4906":"o","4907":"n","4908":"t","4909":"-","4910":"f","4911":"a","4912":"m","4913":"i","4914":"l","4915":"y","4916":":","4917":" ","4918":"\\","4919":"\"","4920":"M","4921":"o","4922":"n","4923":"t","4924":"s","4925":"e","4926":"r","4927":"r","4928":"a","4929":"t","4930":"\\","4931":"\"","4932":",","4933":" ","4934":"s","4935":"a","4936":"n","4937":"s","4938":"-","4939":"s","4940":"e","4941":"r","4942":"i","4943":"f","4944":";","4945":"\\","4946":"r","4947":"\\","4948":"n","4949":"}","4950":"\\","4951":"r","4952":"\\","4953":"n","4954":"\\","4955":"r","4956":"\\","4957":"n","4958":"/","4959":"*","4960":" ","4961":"F","4962":"u","4963":"l","4964":"l","4965":"-","4966":"w","4967":"i","4968":"d","4969":"t","4970":"h","4971":" ","4972":"i","4973":"n","4974":"p","4975":"u","4976":"t","4977":" ","4978":"f","4979":"i","4980":"e","4981":"l","4982":"d","4983":"s","4984":" ","4985":"*","4986":"/","4987":"\\","4988":"r","4989":"\\","4990":"n","4991":"i","4992":"n","4993":"p","4994":"u","4995":"t","4996":"[","4997":"t","4998":"y","4999":"p","5000":"e","5001":"=","5002":"\\","5003":"\"","5004":"t","5005":"e","5006":"x","5007":"t","5008":"\\","5009":"\"","5010":"]","5011":",","5012":"\\","5013":"r","5014":"\\","5015":"n","5016":"i","5017":"n","5018":"p","5019":"u","5020":"t","5021":"[","5022":"t","5023":"y","5024":"p","5025":"e","5026":"=","5027":"\\","5028":"\"","5029":"p","5030":"a","5031":"s","5032":"s","5033":"w","5034":"o","5035":"r","5036":"d","5037":"\\","5038":"\"","5039":"]","5040":" ","5041":"{","5042":"\\","5043":"r","5044":"\\","5045":"n","5046":" ","5047":" ","5048":"w","5049":"i","5050":"d","5051":"t","5052":"h","5053":":","5054":" ","5055":"1","5056":"0","5057":"0","5058":"%","5059":";","5060":"\\","5061":"r","5062":"\\","5063":"n","5064":" ","5065":" ","5066":"p","5067":"a","5068":"d","5069":"d","5070":"i","5071":"n","5072":"g","5073":":","5074":" ","5075":"1","5076":"5","5077":"p","5078":"x","5079":";","5080":"\\","5081":"r","5082":"\\","5083":"n","5084":" ","5085":" ","5086":"m","5087":"a","5088":"r","5089":"g","5090":"i","5091":"n","5092":":","5093":" ","5094":"5","5095":"p","5096":"x","5097":" ","5098":"0","5099":" ","5100":"2","5101":"2","5102":"p","5103":"x","5104":" ","5105":"0","5106":";","5107":"\\","5108":"r","5109":"\\","5110":"n","5111":" ","5112":" ","5113":"d","5114":"i","5115":"s","5116":"p","5117":"l","5118":"a","5119":"y","5120":":","5121":" ","5122":"i","5123":"n","5124":"l","5125":"i","5126":"n","5127":"e","5128":"-","5129":"b","5130":"l","5131":"o","5132":"c","5133":"k","5134":";","5135":"\\","5136":"r","5137":"\\","5138":"n","5139":" ","5140":" ","5141":"b","5142":"o","5143":"r","5144":"d","5145":"e","5146":"r","5147":":","5148":" ","5149":"n","5150":"o","5151":"n","5152":"e","5153":";","5154":"\\","5155":"r","5156":"\\","5157":"n","5158":" ","5159":" ","5160":"b","5161":"a","5162":"c","5163":"k","5164":"g","5165":"r","5166":"o","5167":"u","5168":"n","5169":"d","5170":":","5171":" ","5172":"#","5173":"f","5174":"1","5175":"f","5176":"1","5177":"f","5178":"1","5179":";","5180":"\\","5181":"r","5182":"\\","5183":"n","5184":"}","5185":"\\","5186":"r","5187":"\\","5188":"n","5189":"\\","5190":"r","5191":"\\","5192":"n","5193":"i","5194":"n","5195":"p","5196":"u","5197":"t","5198":"[","5199":"t","5200":"y","5201":"p","5202":"e","5203":"=","5204":"\\","5205":"\"","5206":"t","5207":"e","5208":"x","5209":"t","5210":"\\","5211":"\"","5212":"]","5213":":","5214":"f","5215":"o","5216":"c","5217":"u","5218":"s","5219":",","5220":"\\","5221":"r","5222":"\\","5223":"n","5224":"i","5225":"n","5226":"p","5227":"u","5228":"t","5229":"[","5230":"t","5231":"y","5232":"p","5233":"e","5234":"=","5235":"\\","5236":"\"","5237":"p","5238":"a","5239":"s","5240":"s","5241":"w","5242":"o","5243":"r","5244":"d","5245":"\\","5246":"\"","5247":"]","5248":":","5249":"f","5250":"o","5251":"c","5252":"u","5253":"s","5254":" ","5255":"{","5256":"\\","5257":"r","5258":"\\","5259":"n","5260":" ","5261":" ","5262":"b","5263":"a","5264":"c","5265":"k","5266":"g","5267":"r","5268":"o","5269":"u","5270":"n","5271":"d","5272":"-","5273":"c","5274":"o","5275":"l","5276":"o","5277":"r","5278":":","5279":" ","5280":"#","5281":"d","5282":"d","5283":"d","5284":";","5285":"\\","5286":"r","5287":"\\","5288":"n","5289":" ","5290":" ","5291":"o","5292":"u","5293":"t","5294":"l","5295":"i","5296":"n","5297":"e","5298":":","5299":" ","5300":"n","5301":"o","5302":"n","5303":"e","5304":";","5305":"\\","5306":"r","5307":"\\","5308":"n","5309":"}","5310":"\\","5311":"r","5312":"\\","5313":"n","5314":"\\","5315":"r","5316":"\\","5317":"n","5318":"/","5319":"*","5320":" ","5321":"O","5322":"v","5323":"e","5324":"r","5325":"w","5326":"r","5327":"i","5328":"t","5329":"e","5330":" ","5331":"d","5332":"e","5333":"f","5334":"a","5335":"u","5336":"l","5337":"t","5338":" ","5339":"s","5340":"t","5341":"y","5342":"l","5343":"e","5344":"s","5345":" ","5346":"o","5347":"f","5348":" ","5349":"h","5350":"r","5351":" ","5352":"*","5353":"/","5354":"\\","5355":"r","5356":"\\","5357":"n","5358":"h","5359":"r","5360":" ","5361":"{","5362":"\\","5363":"r","5364":"\\","5365":"n","5366":" ","5367":" ","5368":"b","5369":"o","5370":"r","5371":"d","5372":"e","5373":"r","5374":":","5375":" ","5376":"1","5377":"p","5378":"x","5379":" ","5380":"s","5381":"o","5382":"l","5383":"i","5384":"d","5385":" ","5386":"#","5387":"f","5388":"1","5389":"f","5390":"1","5391":"f","5392":"1","5393":";","5394":"\\","5395":"r","5396":"\\","5397":"n","5398":" ","5399":" ","5400":"m","5401":"a","5402":"r","5403":"g","5404":"i","5405":"n","5406":"-","5407":"b","5408":"o","5409":"t","5410":"t","5411":"o","5412":"m","5413":":","5414":" ","5415":"2","5416":"5","5417":"p","5418":"x","5419":";","5420":"\\","5421":"r","5422":"\\","5423":"n","5424":"}","5425":"\\","5426":"r","5427":"\\","5428":"n","5429":"\\","5430":"r","5431":"\\","5432":"n","5433":"/","5434":"*","5435":" ","5436":"S","5437":"e","5438":"t","5439":" ","5440":"a","5441":" ","5442":"s","5443":"t","5444":"y","5445":"l","5446":"e","5447":" ","5448":"f","5449":"o","5450":"r","5451":" ","5452":"t","5453":"h","5454":"e","5455":" ","5456":"s","5457":"u","5458":"b","5459":"m","5460":"i","5461":"t","5462":"/","5463":"r","5464":"e","5465":"g","5466":"i","5467":"s","5468":"t","5469":"e","5470":"r","5471":" ","5472":"b","5473":"u","5474":"t","5475":"t","5476":"o","5477":"n","5478":" ","5479":"*","5480":"/","5481":"\\","5482":"r","5483":"\\","5484":"n","5485":".","5486":"r","5487":"e","5488":"g","5489":"i","5490":"s","5491":"t","5492":"e","5493":"r","5494":"b","5495":"t","5496":"n","5497":" ","5498":"{","5499":"\\","5500":"r","5501":"\\","5502":"n","5503":" ","5504":" ","5505":"b","5506":"a","5507":"c","5508":"k","5509":"g","5510":"r","5511":"o","5512":"u","5513":"n","5514":"d","5515":"-","5516":"c","5517":"o","5518":"l","5519":"o","5520":"r","5521":":","5522":" ","5523":"#","5524":"0","5525":"4","5526":"a","5527":"a","5528":"6","5529":"d","5530":";","5531":"\\","5532":"r","5533":"\\","5534":"n","5535":" ","5536":" ","5537":"c","5538":"o","5539":"l","5540":"o","5541":"r","5542":":","5543":" ","5544":"w","5545":"h","5546":"i","5547":"t","5548":"e","5549":";","5550":"\\","5551":"r","5552":"\\","5553":"n","5554":" ","5555":" ","5556":"p","5557":"a","5558":"d","5559":"d","5560":"i","5561":"n","5562":"g","5563":":","5564":" ","5565":"1","5566":"6","5567":"p","5568":"x","5569":" ","5570":"2","5571":"0","5572":"p","5573":"x","5574":";","5575":"\\","5576":"r","5577":"\\","5578":"n","5579":" ","5580":" ","5581":"m","5582":"a","5583":"r","5584":"g","5585":"i","5586":"n","5587":":","5588":" ","5589":"8","5590":"p","5591":"x","5592":" ","5593":"0","5594":";","5595":"\\","5596":"r","5597":"\\","5598":"n","5599":" ","5600":" ","5601":"b","5602":"o","5603":"r","5604":"d","5605":"e","5606":"r","5607":":","5608":" ","5609":"n","5610":"o","5611":"n","5612":"e","5613":";","5614":"\\","5615":"r","5616":"\\","5617":"n","5618":" ","5619":" ","5620":"c","5621":"u","5622":"r","5623":"s","5624":"o","5625":"r","5626":":","5627":" ","5628":"p","5629":"o","5630":"i","5631":"n","5632":"t","5633":"e","5634":"r","5635":";","5636":"\\","5637":"r","5638":"\\","5639":"n","5640":" ","5641":" ","5642":"w","5643":"i","5644":"d","5645":"t","5646":"h","5647":":","5648":" ","5649":"1","5650":"0","5651":"0","5652":"%","5653":";","5654":"\\","5655":"r","5656":"\\","5657":"n","5658":" ","5659":" ","5660":"o","5661":"p","5662":"a","5663":"c","5664":"i","5665":"t","5666":"y","5667":":","5668":" ","5669":"0","5670":".","5671":"9","5672":";","5673":"\\","5674":"r","5675":"\\","5676":"n","5677":"}","5678":"\\","5679":"r","5680":"\\","5681":"n","5682":"\\","5683":"r","5684":"\\","5685":"n","5686":".","5687":"r","5688":"e","5689":"g","5690":"i","5691":"s","5692":"t","5693":"e","5694":"r","5695":"b","5696":"t","5697":"n","5698":":","5699":"h","5700":"o","5701":"v","5702":"e","5703":"r","5704":" ","5705":"{","5706":"\\","5707":"r","5708":"\\","5709":"n","5710":" ","5711":" ","5712":"o","5713":"p","5714":"a","5715":"c","5716":"i","5717":"t","5718":"y","5719":":","5720":" ","5721":"1","5722":";","5723":"\\","5724":"r","5725":"\\","5726":"n","5727":"}","5728":"\\","5729":"r","5730":"\\","5731":"n","5732":"\\","5733":"r","5734":"\\","5735":"n","5736":"/","5737":"*","5738":" ","5739":"A","5740":"d","5741":"d","5742":" ","5743":"a","5744":" ","5745":"b","5746":"l","5747":"u","5748":"e","5749":" ","5750":"t","5751":"e","5752":"x","5753":"t","5754":" ","5755":"c","5756":"o","5757":"l","5758":"o","5759":"r","5760":" ","5761":"t","5762":"o","5763":" ","5764":"l","5765":"i","5766":"n","5767":"k","5768":"s","5769":" ","5770":"*","5771":"/","5772":"\\","5773":"r","5774":"\\","5775":"n","5776":"a","5777":" ","5778":"{","5779":"\\","5780":"r","5781":"\\","5782":"n","5783":" ","5784":" ","5785":"c","5786":"o","5787":"l","5788":"o","5789":"r","5790":":","5791":" ","5792":"d","5793":"o","5794":"d","5795":"g","5796":"e","5797":"r","5798":"b","5799":"l","5800":"u","5801":"e","5802":";","5803":"\\","5804":"r","5805":"\\","5806":"n","5807":"}","5808":"\\","5809":"r","5810":"\\","5811":"n","5812":"\\","5813":"r","5814":"\\","5815":"n","5816":"/","5817":"*","5818":" ","5819":"S","5820":"e","5821":"t","5822":" ","5823":"a","5824":" ","5825":"g","5826":"r","5827":"e","5828":"y","5829":" ","5830":"b","5831":"a","5832":"c","5833":"k","5834":"g","5835":"r","5836":"o","5837":"u","5838":"n","5839":"d","5840":" ","5841":"c","5842":"o","5843":"l","5844":"o","5845":"r","5846":" ","5847":"a","5848":"n","5849":"d","5850":" ","5851":"c","5852":"e","5853":"n","5854":"t","5855":"e","5856":"r","5857":" ","5858":"t","5859":"h","5860":"e","5861":" ","5862":"t","5863":"e","5864":"x","5865":"t","5866":" ","5867":"o","5868":"f","5869":" ","5870":"t","5871":"h","5872":"e","5873":" ","5874":"\\","5875":"\"","5876":"s","5877":"i","5878":"g","5879":"n","5880":" ","5881":"i","5882":"n","5883":"\\","5884":"\"","5885":" ","5886":"s","5887":"e","5888":"c","5889":"t","5890":"i","5891":"o","5892":"n","5893":" ","5894":"*","5895":"/","5896":"\\","5897":"r","5898":"\\","5899":"n","5900":".","5901":"s","5902":"i","5903":"g","5904":"n","5905":"i","5906":"n","5907":" ","5908":"{","5909":"\\","5910":"r","5911":"\\","5912":"n","5913":" ","5914":" ","5915":"b","5916":"a","5917":"c","5918":"k","5919":"g","5920":"r","5921":"o","5922":"u","5923":"n","5924":"d","5925":"-","5926":"c","5927":"o","5928":"l","5929":"o","5930":"r","5931":":","5932":" ","5933":"#","5934":"f","5935":"1","5936":"f","5937":"1","5938":"f","5939":"1","5940":";","5941":"\\","5942":"r","5943":"\\","5944":"n","5945":" ","5946":" ","5947":"t","5948":"e","5949":"x","5950":"t","5951":"-","5952":"a","5953":"l","5954":"i","5955":"g","5956":"n","5957":":","5958":" ","5959":"c","5960":"e","5961":"n","5962":"t","5963":"e","5964":"r","5965":";","5966":"\\","5967":"r","5968":"\\","5969":"n","5970":"}","5971":"\\","5972":"r","5973":"\\","5974":"n","5975":"<","5976":"/","5977":"s","5978":"t","5979":"y","5980":"l","5981":"e","5982":">","5983":"\\","5984":"r","5985":"\\","5986":"n","5987":"\"","5988":"]","5989":"}"},"_coverageSchema":"1a1c01bbd47fc00a2c39e90264f33305004495a9","hash":"56db98e5a6db0271b41ec0d9c37b370213c333a9"}
,"C:\\Users\\Arda ALKAN\\event-app-with-vue\\src\\views\\Register_Page.vue": {"path":"C:\\Users\\Arda ALKAN\\event-app-with-vue\\src\\views\\Register_Page.vue","statementMap":{"0":{"start":{"line":4,"column":29},"end":{"line":4,"column":147}},"1":{"start":{"line":5,"column":0},"end":{"line":7,"column":3}},"2":{"start":{"line":8,"column":0},"end":{"line":8,"column":25}},"3":{"start":{"line":9,"column":0},"end":{"line":9,"column":44}},"4":{"start":{"line":107,"column":0},"end":{"line":107,"column":13}},"5":{"start":{"line":109,"column":0},"end":{"line":111,"column":3}},"6":{"start":{"line":112,"column":0},"end":{"line":112,"column":24}},"7":{"start":{"line":113,"column":11},"end":{"line":113,"column":25}},"8":{"start":{"line":114,"column":19},"end":{"line":116,"column":1}},"9":{"start":{"line":117,"column":32},"end":{"line":117,"column":102}},"10":{"start":{"line":118,"column":32},"end":{"line":118,"column":139}},"11":{"start":{"line":119,"column":32},"end":{"line":119,"column":96}},"12":{"start":{"line":120,"column":32},"end":{"line":122,"column":88}},"13":{"start":{"line":123,"column":32},"end":{"line":123,"column":96}},"14":{"start":{"line":124,"column":19},"end":{"line":126,"column":1}},"15":{"start":{"line":127,"column":32},"end":{"line":129,"column":84}},"16":{"start":{"line":130,"column":32},"end":{"line":130,"column":96}},"17":{"start":{"line":131,"column":20},"end":{"line":133,"column":1}},"18":{"start":{"line":134,"column":33},"end":{"line":136,"column":88}},"19":{"start":{"line":137,"column":33},"end":{"line":137,"column":97}},"20":{"start":{"line":138,"column":20},"end":{"line":140,"column":1}},"21":{"start":{"line":141,"column":33},"end":{"line":141,"column":97}},"22":{"start":{"line":142,"column":33},"end":{"line":144,"column":86}},"23":{"start":{"line":145,"column":20},"end":{"line":147,"column":1}},"24":{"start":{"line":149,"column":33},"end":{"line":149,"column":74}},"25":{"start":{"line":150,"column":2},"end":{"line":179,"column":129}},"26":{"start":{"line":151,"column":63},"end":{"line":151,"column":100}},"27":{"start":{"line":158,"column":63},"end":{"line":158,"column":100}},"28":{"start":{"line":164,"column":63},"end":{"line":164,"column":100}},"29":{"start":{"line":171,"column":49},"end":{"line":171,"column":62}},"30":{"start":{"line":177,"column":37},"end":{"line":177,"column":77}},"31":{"start":{"line":180,"column":2},"end":{"line":180,"column":49}}},"fnMap":{"0":{"name":"render","decl":{"start":{"line":148,"column":9},"end":{"line":148,"column":15}},"loc":{"start":{"line":148,"column":30},"end":{"line":180,"column":1}},"line":148},"1":{"name":"(anonymous_1)","decl":{"start":{"line":151,"column":53},"end":{"line":151,"column":54}},"loc":{"start":{"line":151,"column":63},"end":{"line":151,"column":100}},"line":151},"2":{"name":"(anonymous_2)","decl":{"start":{"line":158,"column":53},"end":{"line":158,"column":54}},"loc":{"start":{"line":158,"column":63},"end":{"line":158,"column":100}},"line":158},"3":{"name":"(anonymous_3)","decl":{"start":{"line":164,"column":53},"end":{"line":164,"column":54}},"loc":{"start":{"line":164,"column":63},"end":{"line":164,"column":100}},"line":164},"4":{"name":"(anonymous_4)","decl":{"start":{"line":171,"column":39},"end":{"line":171,"column":40}},"loc":{"start":{"line":171,"column":49},"end":{"line":171,"column":62}},"line":171},"5":{"name":"(anonymous_5)","decl":{"start":{"line":177,"column":31},"end":{"line":177,"column":32}},"loc":{"start":{"line":177,"column":37},"end":{"line":177,"column":77}},"line":177}},"branchMap":{"0":{"loc":{"start":{"line":150,"column":236},"end":{"line":150,"column":410}},"type":"cond-expr","locations":[{"start":{"line":150,"column":268},"end":{"line":150,"column":364}},{"start":{"line":150,"column":368},"end":{"line":150,"column":410}}],"line":150},"1":{"loc":{"start":{"line":151,"column":27},"end":{"line":151,"column":101}},"type":"binary-expr","locations":[{"start":{"line":151,"column":27},"end":{"line":151,"column":36}},{"start":{"line":151,"column":41},"end":{"line":151,"column":100}}],"line":151},"2":{"loc":{"start":{"line":157,"column":110},"end":{"line":157,"column":289}},"type":"cond-expr","locations":[{"start":{"line":157,"column":142},"end":{"line":157,"column":243}},{"start":{"line":157,"column":247},"end":{"line":157,"column":289}}],"line":157},"3":{"loc":{"start":{"line":158,"column":27},"end":{"line":158,"column":101}},"type":"binary-expr","locations":[{"start":{"line":158,"column":27},"end":{"line":158,"column":36}},{"start":{"line":158,"column":41},"end":{"line":158,"column":100}}],"line":158},"4":{"loc":{"start":{"line":163,"column":112},"end":{"line":163,"column":389}},"type":"cond-expr","locations":[{"start":{"line":163,"column":144},"end":{"line":163,"column":343}},{"start":{"line":163,"column":347},"end":{"line":163,"column":389}}],"line":163},"5":{"loc":{"start":{"line":164,"column":27},"end":{"line":164,"column":101}},"type":"binary-expr","locations":[{"start":{"line":164,"column":27},"end":{"line":164,"column":36}},{"start":{"line":164,"column":41},"end":{"line":164,"column":100}}],"line":164},"6":{"loc":{"start":{"line":171,"column":13},"end":{"line":171,"column":63}},"type":"binary-expr","locations":[{"start":{"line":171,"column":13},"end":{"line":171,"column":22}},{"start":{"line":171,"column":27},"end":{"line":171,"column":62}}],"line":171}},"s":{"0":1,"1":1,"2":1,"3":1,"4":1,"5":1,"6":1,"7":1,"8":1,"9":1,"10":1,"11":1,"12":1,"13":1,"14":1,"15":1,"16":1,"17":1,"18":1,"19":1,"20":1,"21":1,"22":1,"23":1,"24":4,"25":4,"26":1,"27":1,"28":1,"29":1,"30":4,"31":1},"f":{"0":4,"1":1,"2":1,"3":1,"4":1,"5":4},"b":{"0":[0,4],"1":[4,1],"2":[0,4],"3":[4,1],"4":[0,4],"5":[4,1],"6":[4,1]},"inputSourceMap":{"0":"{","1":"\"","2":"v","3":"e","4":"r","5":"s","6":"i","7":"o","8":"n","9":"\"","10":":","11":"3","12":",","13":"\"","14":"s","15":"o","16":"u","17":"r","18":"c","19":"e","20":"s","21":"\"","22":":","23":"[","24":"\"","25":"C","26":":","27":"\\","28":"\\","29":"U","30":"s","31":"e","32":"r","33":"s","34":"\\","35":"\\","36":"A","37":"r","38":"d","39":"a","40":" ","41":"A","42":"L","43":"K","44":"A","45":"N","46":"\\","47":"\\","48":"e","49":"v","50":"e","51":"n","52":"t","53":"-","54":"a","55":"p","56":"p","57":"-","58":"w","59":"i","60":"t","61":"h","62":"-","63":"v","64":"u","65":"e","66":"\\","67":"\\","68":"s","69":"r","70":"c","71":"\\","72":"\\","73":"v","74":"i","75":"e","76":"w","77":"s","78":"\\","79":"\\","80":"R","81":"e","82":"g","83":"i","84":"s","85":"t","86":"e","87":"r","88":"_","89":"P","90":"a","91":"g","92":"e","93":".","94":"v","95":"u","96":"e","97":"\"","98":"]","99":",","100":"\"","101":"n","102":"a","103":"m","104":"e","105":"s","106":"\"","107":":","108":"[","109":"]","110":",","111":"\"","112":"m","113":"a","114":"p","115":"p","116":"i","117":"n","118":"g","119":"s","120":"\"","121":":","122":"\"","123":";","124":";","125":";","126":";","127":";","128":";","129":";","130":";","131":";","132":"A","133":"A","134":"w","135":"C","136":"A","137":";","138":"A","139":"A","140":"A","141":"A","142":";","143":"A","144":"A","145":"A","146":"A","147":";","148":"A","149":"A","150":"C","151":"A","152":";","153":"A","154":"A","155":"A","156":"A","157":";","158":"A","159":"A","160":"A","161":"A","162":";","163":"A","164":"A","165":"C","166":"A","167":";","168":"A","169":"A","170":"A","171":"A","172":";","173":"A","174":"A","175":"A","176":"A","177":";","178":"A","179":"A","180":"A","181":"4","182":"D","183":";","184":"A","185":"A","186":"A","187":"A","188":",","189":"e","190":"A","191":"E","192":"7","193":"C","194":";","195":"E","196":"A","197":"C","198":"b","199":",","200":"K","201":"A","202":"A","203":"K","204":",","205":"G","206":"A","207":"A","208":"G","209":";","210":"I","211":"A","212":"C","213":"N","214":",","215":"O","216":"A","217":"A","218":"O","219":";","220":"M","221":"A","222":"C","223":"L","224":",","225":"E","226":"A","227":"A","228":"E","229":";","230":"M","231":"A","232":"A","233":"E","234":";","235":"M","236":"A","237":"A","238":"A","239":";","240":"M","241":"A","242":"A","243":"A","244":";","245":"M","246":"A","247":"A","248":"A","249":";","250":"M","251":"A","252":"A","253":"A","254":";","255":"M","256":"A","257":"A","258":"A","259":",","260":"O","261":"A","262":"A","263":"W","264":";","265":"I","266":"A","267":"C","268":"j","269":"B","270":",","271":"C","272":"A","273":"A","274":"C","275":";","276":"E","277":"A","278":"C","279":"H","280":",","281":"C","282":"A","283":"A","284":"C","285":";","286":"E","287":"A","288":"E","289":"D","290":",","291":"W","292":"A","293":"A","294":"W","295":",","296":"G","297":"A","298":"A","299":"G","300":";","301":"I","302":"A","303":"C","304":"Z","305":",","306":"O","307":"A","308":"A","309":"O","310":";","311":"M","312":"A","313":"C","314":"L","315":",","316":"I","317":"A","318":"A","319":"I","320":",","321":"E","322":"A","323":"A","324":"E","325":";","326":"Q","327":"A","328":"C","329":"J","330":",","331":"Q","332":"A","333":"A","334":"Q","335":",","336":"E","337":"A","338":"A","339":"E","340":";","341":"U","342":"A","343":"A","344":"E","345":",","346":"Q","347":"A","348":"A","349":"Q","350":";","351":"U","352":"A","353":"A","354":"R","355":";","356":"U","357":"A","358":"A","359":"A","360":";","361":"U","362":"A","363":"A","364":"A","365":";","366":"U","367":"A","368":"A","369":"A","370":";","371":"Q","372":"A","373":"A","374":"S","375":",","376":"C","377":"A","378":"A","379":"C","380":";","381":"Q","382":"A","383":"C","384":"t","385":"B","386":",","387":"Q","388":"A","389":"A","390":"Q","391":",","392":"E","393":"A","394":"A","395":"E","396":";","397":"U","398":"A","399":"A","400":"E","401":",","402":"Q","403":"A","404":"A","405":"Q","406":";","407":"U","408":"A","409":"A","410":"R","411":";","412":"U","413":"A","414":"A","415":"A","416":";","417":"U","418":"A","419":"A","420":"A","421":";","422":"U","423":"A","424":"A","425":"A","426":";","427":"Q","428":"A","429":"A","430":"S","431":",","432":"C","433":"A","434":"A","435":"C","436":";","437":"Q","438":"A","439":"C","440":"t","441":"B","442":",","443"
[...]
","4611":"\\","4612":"r","4613":"\\","4614":"n","4615":" ","4616":" ","4617":" ","4618":" ","4619":" ","4620":" ","4621":" ","4622":" ","4623":"c","4624":"o","4625":"n","4626":"s","4627":"t","4628":" ","4629":"l","4630":"o","4631":"g","4632":"i","4633":"n","4634":"_","4635":"r","4636":"e","4637":"s","4638":"p","4639":"o","4640":"n","4641":"s","4642":"e","4643":" ","4644":"=","4645":" ","4646":"a","4647":"w","4648":"a","4649":"i","4650":"t","4651":" ","4652":"t","4653":"h","4654":"i","4655":"s","4656":".","4657":"$","4658":"a","4659":"p","4660":"p","4661":"A","4662":"x","4663":"i","4664":"o","4665":"s","4666":".","4667":"g","4668":"e","4669":"t","4670":"(","4671":"`","4672":"/","4673":"u","4674":"s","4675":"e","4676":"r","4677":"s","4678":"?","4679":"u","4680":"s","4681":"e","4682":"r","4683":"n","4684":"a","4685":"m","4686":"e","4687":"=","4688":"$","4689":"{","4690":"t","4691":"h","4692":"i","4693":"s","4694":".","4695":"f","4696":"o","4697":"r","4698":"m","4699":".","4700":"u","4701":"s","4702":"e","4703":"r","4704":"n","4705":"a","4706":"m","4707":"e","4708":"}","4709":"&","4710":"p","4711":"a","4712":"s","4713":"s","4714":"w","4715":"o","4716":"r","4717":"d","4718":"=","4719":"$","4720":"{","4721":"p","4722":"a","4723":"s","4724":"s","4725":"w","4726":"o","4727":"r","4728":"d","4729":"}","4730":"`","4731":")","4732":";","4733":"\\","4734":"r","4735":"\\","4736":"n","4737":"\\","4738":"r","4739":"\\","4740":"n","4741":" ","4742":" ","4743":" ","4744":" ","4745":" ","4746":" ","4747":" ","4748":" ","4749":"i","4750":"f","4751":" ","4752":"(","4753":"l","4754":"o","4755":"g","4756":"i","4757":"n","4758":"_","4759":"r","4760":"e","4761":"s","4762":"p","4763":"o","4764":"n","4765":"s","4766":"e","4767":"?","4768":".","4769":"d","4770":"a","4771":"t","4772":"a","4773":"?","4774":".","4775":"l","4776":"e","4777":"n","4778":"g","4779":"t","4780":"h","4781":" ","4782":">","4783":" ","4784":"0","4785":")","4786":" ","4787":"{","4788":"\\","4789":"r","4790":"\\","4791":"n","4792":" ","4793":" ","4794":" ","4795":" ","4796":" ","4797":" ","4798":" ","4799":" ","4800":" ","4801":" ","4802":"t","4803":"h","4804":"i","4805":"s","4806":".","4807":"$","4808":"s","4809":"t","4810":"o","4811":"r","4812":"e","4813":".","4814":"c","4815":"o","4816":"m","4817":"m","4818":"i","4819":"t","4820":"(","4821":"\\","4822":"\"","4823":"s","4824":"e","4825":"t","4826":"U","4827":"s","4828":"e","4829":"r","4830":"\\","4831":"\"","4832":",","4833":" ","4834":"l","4835":"o","4836":"g","4837":"i","4838":"n","4839":"_","4840":"r","4841":"e","4842":"s","4843":"p","4844":"o","4845":"n","4846":"s","4847":"e","4848":"?","4849":".","4850":"d","4851":"a","4852":"t","4853":"a","4854":"[","4855":"0","4856":"]","4857":")","4858":";","4859":"\\","4860":"r","4861":"\\","4862":"n","4863":" ","4864":" ","4865":" ","4866":" ","4867":" ","4868":" ","4869":" ","4870":" ","4871":" ","4872":" ","4873":"t","4874":"h","4875":"i","4876":"s","4877":".","4878":"$","4879":"r","4880":"o","4881":"u","4882":"t","4883":"e","4884":"r","4885":".","4886":"p","4887":"u","4888":"s","4889":"h","4890":"(","4891":"{","4892":" ","4893":"n","4894":"a","4895":"m","4896":"e","4897":":","4898":" ","4899":"\\","4900":"\"","4901":"H","4902":"o","4903":"m","4904":"e","4905":"\\","4906":"\"","4907":" ","4908":"}","4909":")","4910":";","4911":"\\","4912":"r","4913":"\\","4914":"n","4915":" ","4916":" ","4917":" ","4918":" ","4919":" ","4920":" ","4921":" ","4922":" ","4923":" ","4924":" ","4925":"c","4926":"o","4927":"n","4928":"s","4929":"o","4930":"l","4931":"e","4932":".","4933":"l","4934":"o","4935":"g","4936":"(","4937":"t","4938":"h","4939":"i","4940":"s","4941":".","4942":"$","4943":"r","4944":"o","4945":"u","4946":"t","4947":"e","4948":"r","4949":".","4950":"c","4951":"u","4952":"r","4953":"r","4954":"e","4955":"n","4956":"t","4957":"R","4958":"o","4959":"u","4960":"t","4961":"e","4962":")","4963":";","4964":"\\","4965":"r","4966":"\\","4967":"n","4968":" ","4969":" ","4970":" ","4971":" ","4972":" ","4973":" ","4974":" ","4975":" ","4976":"}","4977":" ","4978":"e","4979":"l","4980":"s","4981":"e","4982":" ","4983":"{","4984":"\\","4985":"r","4986":"\\","4987":"n","4988":" ","4989":" ","4990":" ","4991":" ","4992":" ","4993":" ","4994":" ","4995":" ","4996":" ","4997":" ","4998":"a","4999":"l","5000":"e","5001":"r","5002":"t","5003":"(","5004":"\\","5005":"\"","5006":"I","5007":"n","5008":"p","5009":"u","5010":"t","5011":"s","5012":" ","5013":"m","5014":"u","5015":"s","5016":"t","5017":" ","5018":"b","5019":"e","5020":" ","5021":"e","5022":"x","5023":"i","5024":"s","5025":"t","5026":"s","5027":".","5028":"\\","5029":"\"","5030":")","5031":";","5032":"\\","5033":"r","5034":"\\","5035":"n","5036":" ","5037":" ","5038":" ","5039":" ","5040":" ","5041":" ","5042":" ","5043":" ","5044":"}","5045":"\\","5046":"r","5047":"\\","5048":"n","5049":" ","5050":" ","5051":" ","5052":" ","5053":" ","5054":" ","5055":"}","5056":" ","5057":"c","5058":"a","5059":"t","5060":"c","5061":"h","5062":" ","5063":"(","5064":"e","5065":"r","5066":"r","5067":"o","5068":"r","5069":")","5070":" ","5071":"{","5072":"\\","5073":"r","5074":"\\","5075":"n","5076":" ","5077":" ","5078":" ","5079":" ","5080":" ","5081":" ","5082":" ","5083":" ","5084":"c","5085":"o","5086":"n","5087":"s","5088":"o","5089":"l","5090":"e","5091":".","5092":"l","5093":"o","5094":"g","5095":"(","5096":"e","5097":"r","5098":"r","5099":"o","5100":"r","5101":")","5102":";","5103":"\\","5104":"r","5105":"\\","5106":"n","5107":" ","5108":" ","5109":" ","5110":" ","5111":" ","5112":" ","5113":"}","5114":"\\","5115":"r","5116":"\\","5117":"n","5118":" ","5119":" ","5120":" ","5121":" ","5122":"}","5123":",","5124":"\\","5125":"r","5126":"\\","5127":"n","5128":" ","5129":" ","5130":"}","5131":",","5132":"\\","5133":"r","5134":"\\","5135":"n","5136":"}","5137":";","5138":"\\","5139":"r","5140":"\\","5141":"n","5142":"<","5143":"/","5144":"s","5145":"c","5146":"r","5147":"i","5148":"p","5149":"t","5150":">","5151":"\\","5152":"r","5153":"\\","5154":"n","5155":"\\","5156":"r","5157":"\\","5158":"n","5159":"<","5160":"s","5161":"t","5162":"y","5163":"l","5164":"e","5165":">","5166":"\\","5167":"r","5168":"\\","5169":"n","5170":"/","5171":"*","5172":" ","5173":"A","5174":"d","5175":"d","5176":" ","5177":"p","5178":"a","5179":"d","5180":"d","5181":"i","5182":"n","5183":"g","5184":" ","5185":"t","5186":"o","5187":" ","5188":"c","5189":"o","5190":"n","5191":"t","5192":"a","5193":"i","5194":"n","5195":"e","5196":"r","5197":"s","5198":" ","5199":"*","5200":"/","5201":"\\","5202":"r","5203":"\\","5204":"n","5205":".","5206":"c","5207":"o","5208":"n","5209":"t","5210":"a","5211":"i","5212":"n","5213":"e","5214":"r","5215":"_","5216":"r","5217":"e","5218":"g","5219":"i","5220":"s","5221":"t","5222":"e","5223":"r","5224":" ","5225":"{","5226":"\\","5227":"r","5228":"\\","5229":"n","5230":" ","5231":" ","5232":"p","5233":"a","5234":"d","5235":"d","5236":"i","5237":"n","5238":"g","5239":":","5240":" ","5241":"1","5242":"6","5243":"p","5244":"x","5245":";","5246":"\\","5247":"r","5248":"\\","5249":"n","5250":" ","5251":" ","5252":"w","5253":"i","5254":"d","5255":"t","5256":"h","5257":":","5258":" ","5259":"4","5260":"0","5261":"%","5262":";","5263":"\\","5264":"r","5265":"\\","5266":"n","5267":" ","5268":" ","5269":"m","5270":"a","5271":"r","5272":"g","5273":"i","5274":"n","5275":":","5276":" ","5277":"a","5278":"u","5279":"t","5280":"o","5281":";","5282":"\\","5283":"r","5284":"\\","5285":"n","5286":" ","5287":" ","5288":"j","5289":"u","5290":"s","5291":"t","5292":"i","5293":"f","5294":"y","5295":"-","5296":"c","5297":"o","5298":"n","5299":"t","5300":"e","5301":"n","5302":"t","5303":":","5304":" ","5305":"c","5306":"e","5307":"n","5308":"t","5309":"e","5310":"r","5311":";","5312":"\\","5313":"r","5314":"\\","5315":"n","5316":" ","5317":" ","5318":"f","5319":"o","5320":"n","5321":"t","5322":"-","5323":"f","5324":"a","5325":"m","5326":"i","5327":"l","5328":"y","5329":":","5330":" ","5331":"\\","5332":"\"","5333":"M","5334":"o","5335":"n","5336":"t","5337":"s","5338":"e","5339":"r","5340":"r","5341":"a","5342":"t","5343":"\\","5344":"\"","5345":",","5346":" ","5347":"s","5348":"a","5349":"n","5350":"s","5351":"-","5352":"s","5353":"e","5354":"r","5355":"i","5356":"f","5357":";","5358":"\\","5359":"r","5360":"\\","5361":"n","5362":"}","5363":"\\","5364":"r","5365":"\\","5366":"n","5367":"\\","5368":"r","5369":"\\","5370":"n","5371":"/","5372":"*","5373":" ","5374":"F","5375":"u","5376":"l","5377":"l","5378":"-","5379":"w","5380":"i","5381":"d","5382":"t","5383":"h","5384":" ","5385":"i","5386":"n","5387":"p","5388":"u","5389":"t","5390":" ","5391":"f","5392":"i","5393":"e","5394":"l","5395":"d","5396":"s","5397":" ","5398":"*","5399":"/","5400":"\\","5401":"r","5402":"\\","5403":"n","5404":"i","5405":"n","5406":"p","5407":"u","5408":"t","5409":"[","5410":"t","5411":"y","5412":"p","5413":"e","5414":"=","5415":"\\","5416":"\"","5417":"t","5418":"e","5419":"x","5420":"t","5421":"\\","5422":"\"","5423":"]","5424":",","5425":"\\","5426":"r","5427":"\\","5428":"n","5429":"i","5430":"n","5431":"p","5432":"u","5433":"t","5434":"[","5435":"t","5436":"y","5437":"p","5438":"e","5439":"=","5440":"\\","5441":"\"","5442":"p","5443":"a","5444":"s","5445":"s","5446":"w","5447":"o","5448":"r","5449":"d","5450":"\\","5451":"\"","5452":"]","5453":" ","5454":"{","5455":"\\","5456":"r","5457":"\\","5458":"n","5459":" ","5460":" ","5461":"w","5462":"i","5463":"d","5464":"t","5465":"h","5466":":","5467":" ","5468":"1","5469":"0","5470":"0","5471":"%","5472":";","5473":"\\","5474":"r","5475":"\\","5476":"n","5477":" ","5478":" ","5479":"p","5480":"a","5481":"d","5482":"d","5483":"i","5484":"n","5485":"g","5486":":","5487":" ","5488":"1","5489":"5","5490":"p","5491":"x","5492":";","5493":"\\","5494":"r","5495":"\\","5496":"n","5497":" ","5498":" ","5499":"m","5500":"a","5501":"r","5502":"g","5503":"i","5504":"n","5505":":","5506":" ","5507":"5","5508":"p","5509":"x","5510":" ","5511":"0","5512":" ","5513":"2","5514":"2","5515":"p","5516":"x","5517":" ","5518":"0","5519":";","5520":"\\","5521":"r","5522":"\\","5523":"n","5524":" ","5525":" ","5526":"d","5527":"i","5528":"s","5529":"p","5530":"l","5531":"a","5532":"y","5533":":","5534":" ","5535":"i","5536":"n","5537":"l","5538":"i","5539":"n","5540":"e","5541":"-","5542":"b","5543":"l","5544":"o","5545":"c","5546":"k","5547":";","5548":"\\","5549":"r","5550":"\\","5551":"n","5552":" ","5553":" ","5554":"b","5555":"o","5556":"r","5557":"d","5558":"e","5559":"r","5560":":","5561":" ","5562":"n","5563":"o","5564":"n","5565":"e","5566":";","5567":"\\","5568":"r","5569":"\\","5570":"n","5571":" ","5572":" ","5573":"b","5574":"a","5575":"c","5576":"k","5577":"g","5578":"r","5579":"o","5580":"u","5581":"n","5582":"d","5583":":","5584":" ","5585":"#","5586":"f","5587":"1","5588":"f","5589":"1","5590":"f","5591":"1","5592":";","5593":"\\","5594":"r","5595":"\\","5596":"n","5597":"}","5598":"\\","5599":"r","5600":"\\","5601":"n","5602":"\\","5603":"r","5604":"\\","5605":"n","5606":"i","5607":"n","5608":"p","5609":"u","5610":"t","5611":"[","5612":"t","5613":"y","5614":"p","5615":"e","5616":"=","5617":"\\","5618":"\"","5619":"t","5620":"e","5621":"x","5622":"t","5623":"\\","5624":"\"","5625":"]","5626":":","5627":"f","5628":"o","5629":"c","5630":"u","5631":"s","5632":",","5633":"\\","5634":"r","5635":"\\","5636":"n","5637":"i","5638":"n","5639":"p","5640":"u","5641":"t","5642":"[","5643":"t","5644":"y","5645":"p","5646":"e","5647":"=","5648":"\\","5649":"\"","5650":"p","5651":"a","5652":"s","5653":"s","5654":"w","5655":"o","5656":"r","5657":"d","5658":"\\","5659":"\"","5660":"]","5661":":","5662":"f","5663":"o","5664":"c","5665":"u","5666":"s","5667":" ","5668":"{","5669":"\\","5670":"r","5671":"\\","5672":"n","5673":" ","5674":" ","5675":"b","5676":"a","5677":"c","5678":"k","5679":"g","5680":"r","5681":"o","5682":"u","5683":"n","5684":"d","5685":"-","5686":"c","5687":"o","5688":"l","5689":"o","5690":"r","5691":":","5692":" ","5693":"#","5694":"d","5695":"d","5696":"d","5697":";","5698":"\\","5699":"r","5700":"\\","5701":"n","5702":" ","5703":" ","5704":"o","5705":"u","5706":"t","5707":"l","5708":"i","5709":"n","5710":"e","5711":":","5712":" ","5713":"n","5714":"o","5715":"n","5716":"e","5717":";","5718":"\\","5719":"r","5720":"\\","5721":"n","5722":"}","5723":"\\","5724":"r","5725":"\\","5726":"n","5727":"\\","5728":"r","5729":"\\","5730":"n","5731":"/","5732":"*","5733":" ","5734":"O","5735":"v","5736":"e","5737":"r","5738":"w","5739":"r","5740":"i","5741":"t","5742":"e","5743":" ","5744":"d","5745":"e","5746":"f","5747":"a","5748":"u","5749":"l","5750":"t","5751":" ","5752":"s","5753":"t","5754":"y","5755":"l","5756":"e","5757":"s","5758":" ","5759":"o","5760":"f","5761":" ","5762":"h","5763":"r","5764":" ","5765":"*","5766":"/","5767":"\\","5768":"r","5769":"\\","5770":"n","5771":"h","5772":"r","5773":" ","5774":"{","5775":"\\","5776":"r","5777":"\\","5778":"n","5779":" ","5780":" ","5781":"b","5782":"o","5783":"r","5784":"d","5785":"e","5786":"r","5787":":","5788":" ","5789":"1","5790":"p","5791":"x","5792":" ","5793":"s","5794":"o","5795":"l","5796":"i","5797":"d","5798":" ","5799":"#","5800":"f","5801":"1","5802":"f","5803":"1","5804":"f","5805":"1","5806":";","5807":"\\","5808":"r","5809":"\\","5810":"n","5811":" ","5812":" ","5813":"m","5814":"a","5815":"r","5816":"g","5817":"i","5818":"n","5819":"-","5820":"b","5821":"o","5822":"t","5823":"t","5824":"o","5825":"m","5826":":","5827":" ","5828":"2","5829":"5","5830":"p","5831":"x","5832":";","5833":"\\","5834":"r","5835":"\\","5836":"n","5837":"}","5838":"\\","5839":"r","5840":"\\","5841":"n","5842":"\\","5843":"r","5844":"\\","5845":"n","5846":"/","5847":"*","5848":" ","5849":"S","5850":"e","5851":"t","5852":" ","5853":"a","5854":" ","5855":"s","5856":"t","5857":"y","5858":"l","5859":"e","5860":" ","5861":"f","5862":"o","5863":"r","5864":" ","5865":"t","5866":"h","5867":"e","5868":" ","5869":"s","5870":"u","5871":"b","5872":"m","5873":"i","5874":"t","5875":"/","5876":"r","5877":"e","5878":"g","5879":"i","5880":"s","5881":"t","5882":"e","5883":"r","5884":" ","5885":"b","5886":"u","5887":"t","5888":"t","5889":"o","5890":"n","5891":" ","5892":"*","5893":"/","5894":"\\","5895":"r","5896":"\\","5897":"n","5898":".","5899":"r","5900":"e","5901":"g","5902":"i","5903":"s","5904":"t","5905":"e","5906":"r","5907":"b","5908":"t","5909":"n","5910":" ","5911":"{","5912":"\\","5913":"r","5914":"\\","5915":"n","5916":" ","5917":" ","5918":"b","5919":"a","5920":"c","5921":"k","5922":"g","5923":"r","5924":"o","5925":"u","5926":"n","5927":"d","5928":"-","5929":"c","5930":"o","5931":"l","5932":"o","5933":"r","5934":":","5935":" ","5936":"#","5937":"0","5938":"4","5939":"a","5940":"a","5941":"6","5942":"d","5943":";","5944":"\\","5945":"r","5946":"\\","5947":"n","5948":" ","5949":" ","5950":"c","5951":"o","5952":"l","5953":"o","5954":"r","5955":":","5956":" ","5957":"w","5958":"h","5959":"i","5960":"t","5961":"e","5962":";","5963":"\\","5964":"r","5965":"\\","5966":"n","5967":" ","5968":" ","5969":"p","5970":"a","5971":"d","5972":"d","5973":"i","5974":"n","5975":"g","5976":":","5977":" ","5978":"1","5979":"6","5980":"p","5981":"x","5982":" ","5983":"2","5984":"0","5985":"p","5986":"x","5987":";","5988":"\\","5989":"r","5990":"\\","5991":"n","5992":" ","5993":" ","5994":"m","5995":"a","5996":"r","5997":"g","5998":"i","5999":"n","6000":":","6001":" ","6002":"8","6003":"p","6004":"x","6005":" ","6006":"0","6007":";","6008":"\\","6009":"r","6010":"\\","6011":"n","6012":" ","6013":" ","6014":"b","6015":"o","6016":"r","6017":"d","6018":"e","6019":"r","6020":":","6021":" ","6022":"n","6023":"o","6024":"n","6025":"e","6026":";","6027":"\\","6028":"r","6029":"\\","6030":"n","6031":" ","6032":" ","6033":"c","6034":"u","6035":"r","6036":"s","6037":"o","6038":"r","6039":":","6040":" ","6041":"p","6042":"o","6043":"i","6044":"n","6045":"t","6046":"e","6047":"r","6048":";","6049":"\\","6050":"r","6051":"\\","6052":"n","6053":" ","6054":" ","6055":"w","6056":"i","6057":"d","6058":"t","6059":"h","6060":":","6061":" ","6062":"1","6063":"0","6064":"0","6065":"%","6066":";","6067":"\\","6068":"r","6069":"\\","6070":"n","6071":" ","6072":" ","6073":"o","6074":"p","6075":"a","6076":"c","6077":"i","6078":"t","6079":"y","6080":":","6081":" ","6082":"0","6083":".","6084":"9","6085":";","6086":"\\","6087":"r","6088":"\\","6089":"n","6090":"}","6091":"\\","6092":"r","6093":"\\","6094":"n","6095":"\\","6096":"r","6097":"\\","6098":"n","6099":".","6100":"r","6101":"e","6102":"g","6103":"i","6104":"s","6105":"t","6106":"e","6107":"r","6108":"b","6109":"t","6110":"n","6111":":","6112":"h","6113":"o","6114":"v","6115":"e","6116":"r","6117":" ","6118":"{","6119":"\\","6120":"r","6121":"\\","6122":"n","6123":" ","6124":" ","6125":"o","6126":"p","6127":"a","6128":"c","6129":"i","6130":"t","6131":"y","6132":":","6133":" ","6134":"1","6135":";","6136":"\\","6137":"r","6138":"\\","6139":"n","6140":"}","6141":"\\","6142":"r","6143":"\\","6144":"n","6145":"\\","6146":"r","6147":"\\","6148":"n","6149":"/","6150":"*","6151":" ","6152":"A","6153":"d","6154":"d","6155":" ","6156":"a","6157":" ","6158":"b","6159":"l","6160":"u","6161":"e","6162":" ","6163":"t","6164":"e","6165":"x","6166":"t","6167":" ","6168":"c","6169":"o","6170":"l","6171":"o","6172":"r","6173":" ","6174":"t","6175":"o","6176":" ","6177":"l","6178":"i","6179":"n","6180":"k","6181":"s","6182":" ","6183":"*","6184":"/","6185":"\\","6186":"r","6187":"\\","6188":"n","6189":"a","6190":" ","6191":"{","6192":"\\","6193":"r","6194":"\\","6195":"n","6196":" ","6197":" ","6198":"c","6199":"o","6200":"l","6201":"o","6202":"r","6203":":","6204":" ","6205":"d","6206":"o","6207":"d","6208":"g","6209":"e","6210":"r","6211":"b","6212":"l","6213":"u","6214":"e","6215":";","6216":"\\","6217":"r","6218":"\\","6219":"n","6220":"}","6221":"\\","6222":"r","6223":"\\","6224":"n","6225":"\\","6226":"r","6227":"\\","6228":"n","6229":"/","6230":"*","6231":" ","6232":"S","6233":"e","6234":"t","6235":" ","6236":"a","6237":" ","6238":"g","6239":"r","6240":"e","6241":"y","6242":" ","6243":"b","6244":"a","6245":"c","6246":"k","6247":"g","6248":"r","6249":"o","6250":"u","6251":"n","6252":"d","6253":" ","6254":"c","6255":"o","6256":"l","6257":"o","6258":"r","6259":" ","6260":"a","6261":"n","6262":"d","6263":" ","6264":"c","6265":"e","6266":"n","6267":"t","6268":"e","6269":"r","6270":" ","6271":"t","6272":"h","6273":"e","6274":" ","6275":"t","6276":"e","6277":"x","6278":"t","6279":" ","6280":"o","6281":"f","6282":" ","6283":"t","6284":"h","6285":"e","6286":" ","6287":"\\","6288":"\"","6289":"s","6290":"i","6291":"g","6292":"n","6293":" ","6294":"i","6295":"n","6296":"\\","6297":"\"","6298":" ","6299":"s","6300":"e","6301":"c","6302":"t","6303":"i","6304":"o","6305":"n","6306":" ","6307":"*","6308":"/","6309":"\\","6310":"r","6311":"\\","6312":"n","6313":".","6314":"c","6315":"o","6316":"n","6317":"t","6318":"a","6319":"i","6320":"n","6321":"e","6322":"r","6323":"_","6324":"s","6325":"i","6326":"g","6327":"n","6328":"i","6329":"n","6330":" ","6331":"{","6332":"\\","6333":"r","6334":"\\","6335":"n","6336":" ","6337":" ","6338":"p","6339":"a","6340":"d","6341":"d","6342":"i","6343":"n","6344":"g","6345":":","6346":" ","6347":"1","6348":"0","6349":"p","6350":"x","6351":";","6352":"\\","6353":"r","6354":"\\","6355":"n","6356":" ","6357":" ","6358":"t","6359":"e","6360":"x","6361":"t","6362":"-","6363":"a","6364":"l","6365":"i","6366":"g","6367":"n","6368":":","6369":" ","6370":"c","6371":"e","6372":"n","6373":"t","6374":"e","6375":"r","6376":";","6377":"\\","6378":"r","6379":"\\","6380":"n","6381":"}","6382":"\\","6383":"r","6384":"\\","6385":"n","6386":"<","6387":"/","6388":"s","6389":"t","6390":"y","6391":"l","6392":"e","6393":">","6394":"\\","6395":"r","6396":"\\","6397":"n","6398":"\"","6399":"]","6400":"}"},"_coverageSchema":"1a1c01bbd47fc00a2c39e90264f33305004495a9","hash":"ad6455f659035633c0a9d8182a21ac18ce8ecaa3"}
}
