TN:
SF:src\views\Login_Page.vue
FN:138,render
FN:141,(anonymous_1)
FN:148,(anonymous_2)
FN:159,(anonymous_3)
FN:163,(anonymous_4)
FNF:5
FNH:3
FNDA:1,render
FNDA:0,(anonymous_1)
FNDA:0,(anonymous_2)
FNDA:1,(anonymous_3)
FNDA:1,(anonymous_4)
DA:4,1
DA:5,1
DA:8,1
DA:9,1
DA:106,1
DA:108,1
DA:111,1
DA:112,1
DA:113,1
DA:116,1
DA:119,1
DA:120,1
DA:121,1
DA:124,1
DA:125,1
DA:128,1
DA:129,1
DA:132,1
DA:135,1
DA:136,1
DA:139,1
DA:140,1
DA:141,0
DA:148,0
DA:159,1
DA:163,1
DA:165,1
LF:27
LH:25
BRDA:140,0,0,0
BRDA:140,0,1,1
BRDA:141,1,0,1
BRDA:141,1,1,1
BRDA:147,2,0,0
BRDA:147,2,1,1
BRDA:148,3,0,1
BRDA:148,3,1,1
BRDA:163,4,0,1
BRDA:163,4,1,1
BRF:10
BRH:8
end_of_record
TN:
SF:src\views\Register_Page.vue
FN:148,render
FN:151,(anonymous_1)
FN:158,(anonymous_2)
FN:164,(anonymous_3)
FN:171,(anonymous_4)
FN:177,(anonymous_5)
FNF:6
FNH:6
FNDA:4,render
FNDA:1,(anonymous_1)
FNDA:1,(anonymous_2)
FNDA:1,(anonymous_3)
FNDA:1,(anonymous_4)
FNDA:4,(anonymous_5)
DA:4,1
DA:5,1
DA:8,1
DA:9,1
DA:107,1
DA:109,1
DA:112,1
DA:113,1
DA:114,1
DA:117,1
DA:118,1
DA:119,1
DA:120,1
DA:123,1
DA:124,1
DA:127,1
DA:130,1
DA:131,1
DA:134,1
DA:137,1
DA:138,1
DA:141,1
DA:142,1
DA:145,1
DA:149,4
DA:150,4
DA:151,1
DA:158,1
DA:164,1
DA:171,1
DA:177,4
DA:180,1
LF:32
LH:32
BRDA:150,0,0,0
BRDA:150,0,1,4
BRDA:151,1,0,4
BRDA:151,1,1,1
BRDA:157,2,0,0
BRDA:157,2,1,4
BRDA:158,3,0,4
BRDA:158,3,1,1
BRDA:163,4,0,0
BRDA:163,4,1,4
BRDA:164,5,0,4
BRDA:164,5,1,1
BRDA:171,6,0,4
BRDA:171,6,1,1
BRF:14
BRH:11
end_of_record
